2025-12-16 01:42:36,128 INFO Logging initialized: logs\backend_run_2025-12-16_01-42-36.log
2025-12-16 01:42:36,129 INFO GoDaddy Spammer starting...
2025-12-16 01:42:36,136 INFO 📁 Найдено аккаунтов: 2
2025-12-16 01:42:36,136 INFO 🎯 Цель: 2000 писем на аккаунт
2025-12-16 01:42:36,137 INFO 📁 Аккаунты: rosamondallaband0319438_at_gmail_com.txt, terziannoeliarqobsw_at_gmail_com.txt
2025-12-16 01:42:53,526 INFO ✅ Спарсено 5 email
2025-12-16 01:42:53,534 INFO Gmail validator loaded: version 1.0.0
2025-12-16 01:42:54,092 DEBUG Validating tawannagress@gmail.com via proxy: http://modeler_wg8LYZ:uWwpqvxdrAFh@172.236.12.10:11195
2025-12-16 01:42:54,092 INFO tawannagress@gmail.com -> INVALID (Gmail validator)
2025-12-16 01:42:54,101 DEBUG Validating arokebenso@gmail.com via proxy: http://modeler_wg8LYZ:uWwpqvxdrAFh@172.236.12.10:11195
2025-12-16 01:42:54,102 INFO arokebenso@gmail.com -> INVALID (Gmail validator)
2025-12-16 01:42:54,103 DEBUG Validating michellemorr703@gmail.com via proxy: http://modeler_wg8LYZ:uWwpqvxdrAFh@172.236.12.10:11195
2025-12-16 01:42:54,103 INFO michellemorr703@gmail.com -> INVALID (Gmail validator)
2025-12-16 01:42:54,103 DEBUG Validating kathleenreed984@gmail.com via proxy: http://modeler_wg8LYZ:uWwpqvxdrAFh@172.236.12.10:11195
2025-12-16 01:42:54,103 INFO kathleenreed984@gmail.com -> INVALID (Gmail validator)
2025-12-16 01:42:54,104 DEBUG Validating glendamendenhal@gmail.com via proxy: http://modeler_wg8LYZ:uWwpqvxdrAFh@172.236.12.10:11195
2025-12-16 01:42:54,104 INFO glendamendenhal@gmail.com -> INVALID (Gmail validator)
2025-12-16 01:43:17,625 INFO ✅ Спарсено 5 email
2025-12-16 01:43:18,192 DEBUG Validating ramonariley148@gmail.com via proxy: http://modeler_wg8LYZ:uWwpqvxdrAFh@172.236.12.10:11195
2025-12-16 01:43:18,192 INFO ramonariley148@gmail.com -> INVALID (Gmail validator)
2025-12-16 01:43:18,202 DEBUG Validating neudlhemadi@gmail.com via proxy: http://modeler_wg8LYZ:uWwpqvxdrAFh@172.236.12.10:11195
2025-12-16 01:43:18,203 INFO neudlhemadi@gmail.com -> INVALID (Gmail validator)
2025-12-16 01:43:18,330 DEBUG Validating juanitavidaurre@gmail.com via proxy: http://modeler_wg8LYZ:uWwpqvxdrAFh@172.236.12.10:11195
2025-12-16 01:43:18,330 INFO juanitavidaurre@gmail.com -> VALID (Gmail validator)
2025-12-16 01:43:18,431 DEBUG Validating osmooth88@gmail.com via proxy: http://modeler_wg8LYZ:uWwpqvxdrAFh@172.236.12.10:11195
2025-12-16 01:43:18,431 INFO osmooth88@gmail.com -> VALID (Gmail validator)
2025-12-16 01:43:18,446 DEBUG Validating dragonflyseeker@gmail.com via proxy: http://modeler_wg8LYZ:uWwpqvxdrAFh@172.236.12.10:11195
2025-12-16 01:43:18,446 INFO dragonflyseeker@gmail.com -> VALID (Gmail validator)
2025-12-16 01:43:18,898 INFO ✅ Сгенерирована ссылка: poshmarkgyse.s8ver1849fs.com/253529512
2025-12-16 01:43:18,900 INFO ✅ Сгенерирована ссылка: poshmark67bw.s8ver1849fs.com/255300932
2025-12-16 01:43:18,934 INFO ✅ Сгенерирована ссылка: poshmarkaswn.s8ver1849fs.com/194565677
2025-12-16 01:43:20,256 INFO 🔄 Получаем свежие данные аккаунта...
2025-12-16 01:43:20,337 INFO 🔄 Получаем свежие данные аккаунта...
2025-12-16 01:43:23,121 INFO 💾 Кеш сохранен для аккаунта: terziannoeliarqobsw_at_gmail_com.txt
2025-12-16 01:43:23,122 INFO 
📧 Обрабатываем 1 email-адрес...
2025-12-16 01:43:23,122 INFO 
[1/1] Обработка juanitavidaurre@gmail.com...
2025-12-16 01:43:23,475 INFO [terziannoeliarqobsw_at_gmail_com.txt] ✅ Email изменен на juanitavidaurre@gmail.com
2025-12-16 01:43:23,475 INFO [terziannoeliarqobsw_at_gmail_com.txt] 🔗 Используем персональную ссылку: poshmarkgyse.s8ver1849fs.com/253529512
2025-12-16 01:43:23,984 INFO 💾 Кеш сохранен для аккаунта: rosamondallaband0319438_at_gmail_com.txt
2025-12-16 01:43:23,985 INFO 
📧 Обрабатываем 2 email-адрес...
2025-12-16 01:43:23,985 INFO 
[1/2] Обработка osmooth88@gmail.com...
2025-12-16 01:43:24,305 INFO [rosamondallaband0319438_at_gmail_com.txt] ✅ Email изменен на osmooth88@gmail.com
2025-12-16 01:43:24,305 INFO [rosamondallaband0319438_at_gmail_com.txt] 🔗 Используем персональную ссылку: poshmarkaswn.s8ver1849fs.com/194565677
2025-12-16 01:43:24,580 INFO [terziannoeliarqobsw_at_gmail_com.txt] ✅ Сообщение отправлено на juanitavidaurre@gmail.com
2025-12-16 01:43:24,580 INFO [terziannoeliarqobsw_at_gmail_com.txt]   Conversation ID: 738270614
2025-12-16 01:43:24,580 INFO [terziannoeliarqobsw_at_gmail_com.txt]   Conversation Token: e716d26d8afe4
2025-12-16 01:43:25,571 INFO [rosamondallaband0319438_at_gmail_com.txt] ✅ Сообщение отправлено на osmooth88@gmail.com
2025-12-16 01:43:25,572 INFO [rosamondallaband0319438_at_gmail_com.txt]   Conversation ID: 738270626
2025-12-16 01:43:25,572 INFO [rosamondallaband0319438_at_gmail_com.txt]   Conversation Token: 7ad51d5f017b3
2025-12-16 01:43:25,573 INFO [rosamondallaband0319438_at_gmail_com.txt] ⏸️  Пауза 16 секунды перед следующей отправкой...
