2025-12-16 02:25:08,813 INFO Logging initialized: logs\backend_run_2025-12-16_02-25-08.log
2025-12-16 02:25:08,813 INFO GoDaddy Spammer starting...
2025-12-16 02:25:08,820 INFO 📁 Найдено аккаунтов: 2
2025-12-16 02:25:08,820 INFO 🎯 Цель: 2000 писем на аккаунт
2025-12-16 02:25:08,821 INFO 📁 Аккаунты: daversaarvillahp296t_at_gmail_com.txt, eldorabuckridge71_at_gmail_com.txt
2025-12-16 02:25:08,841 INFO ⌨️ Запущен мониторинг клавиатуры
2025-12-16 02:25:33,569 INFO ✅ Спарсено 5 email
2025-12-16 02:25:33,577 INFO Gmail validator loaded: version 1.0.0
2025-12-16 02:25:34,145 DEBUG Validating corabailey194@gmail.com via proxy: http://modeler_wg8LYZ:uWwpqvxdrAFh@172.236.12.10:11195
2025-12-16 02:25:34,145 INFO corabailey194@gmail.com -> INVALID (Gmail validator)
2025-12-16 02:25:34,202 DEBUG Validating kaifoxwabbit@gmail.com via proxy: http://modeler_wg8LYZ:uWwpqvxdrAFh@172.236.12.10:11195
2025-12-16 02:25:34,202 INFO kaifoxwabbit@gmail.com -> INVALID (Gmail validator)
2025-12-16 02:25:34,250 DEBUG Validating jadecooper687@gmail.com via proxy: http://modeler_wg8LYZ:uWwpqvxdrAFh@172.236.12.10:11195
2025-12-16 02:25:34,250 INFO jadecooper687@gmail.com -> VALID (Gmail validator)
2025-12-16 02:25:34,274 DEBUG Validating nasschneider@gmail.com via proxy: http://modeler_wg8LYZ:uWwpqvxdrAFh@172.236.12.10:11195
2025-12-16 02:25:34,274 INFO nasschneider@gmail.com -> VALID (Gmail validator)
2025-12-16 02:25:34,397 DEBUG Validating vaheporpossian@gmail.com via proxy: http://modeler_wg8LYZ:uWwpqvxdrAFh@172.236.12.10:11195
2025-12-16 02:25:34,397 INFO vaheporpossian@gmail.com -> VALID (Gmail validator)
2025-12-16 02:25:34,851 INFO ✅ Сгенерирована ссылка: poshmark-usver8wam.s8ver1849fs.com/244105387
2025-12-16 02:25:34,851 INFO 🔗 Сгенерирована ссылка для vaheporpossian@gmail.com | Title: Itzchak Tarkay CYNTHIA in BROWN Framed Limited Edition Signed & Numbered 293/350 | Link: poshmark-usver8wam.s8ver1849fs.com/244105387
2025-12-16 02:25:34,863 INFO ✅ Сгенерирована ссылка: poshmark-usverzlof.s8ver1849fs.com/193527775
2025-12-16 02:25:34,864 INFO 🔗 Сгенерирована ссылка для nasschneider@gmail.com | Title: AT&T Alcatel Black Smartphone - Android Go Edition | Link: poshmark-usverzlof.s8ver1849fs.com/193527775
2025-12-16 02:25:34,867 INFO ✅ Сгенерирована ссылка: poshmark-usver7vnq.s8ver1849fs.com/213700872
2025-12-16 02:25:34,868 INFO 🔗 Сгенерирована ссылка для jadecooper687@gmail.com | Title: Kate Spade Pink Owl iPhone 6/6s Case | Link: poshmark-usver7vnq.s8ver1849fs.com/213700872
2025-12-16 02:25:34,873 INFO 📤 Отправка письма на nasschneider@gmail.com | Title: AT&T Alcatel Black Smartphone - Android Go Edition | Ссылка: poshmark-usverzlof.s8ver1849fs.com/193527775
2025-12-16 02:25:34,873 INFO 📤 Отправка письма на vaheporpossian@gmail.com | Title: Itzchak Tarkay CYNTHIA in BROWN Framed Limited Edition Signed & Numbered 293/350 | Ссылка: poshmark-usver8wam.s8ver1849fs.com/244105387
2025-12-16 02:25:34,877 INFO 📤 Отправка письма на jadecooper687@gmail.com | Title: Kate Spade Pink Owl iPhone 6/6s Case | Ссылка: poshmark-usver7vnq.s8ver1849fs.com/213700872
2025-12-16 02:25:35,940 INFO ✅ Загружен кеш для аккаунта: daversaarvillahp296t_at_gmail_com.txt
2025-12-16 02:25:35,942 INFO 🚀 Используем кешированные данные аккаунта
2025-12-16 02:25:35,943 INFO 
📧 Обрабатываем 2 email-адрес...
2025-12-16 02:25:35,943 INFO 
[1/2] Обработка nasschneider@gmail.com...
2025-12-16 02:25:36,013 INFO ✅ Загружен кеш для аккаунта: eldorabuckridge71_at_gmail_com.txt
2025-12-16 02:25:36,014 INFO 🚀 Используем кешированные данные аккаунта
2025-12-16 02:25:36,015 INFO 
📧 Обрабатываем 1 email-адрес...
2025-12-16 02:25:36,015 INFO 
[1/1] Обработка jadecooper687@gmail.com...
2025-12-16 02:25:37,081 INFO [eldorabuckridge71_at_gmail_com.txt] ✅ Email изменен на jadecooper687@gmail.com
2025-12-16 02:25:37,082 INFO [eldorabuckridge71_at_gmail_com.txt] 🔗 Используем персональную ссылку: poshmark-usver7vnq.s8ver1849fs.com/213700872
2025-12-16 02:25:37,102 INFO [daversaarvillahp296t_at_gmail_com.txt] ✅ Email изменен на nasschneider@gmail.com
2025-12-16 02:25:37,102 INFO [daversaarvillahp296t_at_gmail_com.txt] 🔗 Используем персональную ссылку: poshmark-usverzlof.s8ver1849fs.com/193527775
2025-12-16 02:25:38,346 INFO [eldorabuckridge71_at_gmail_com.txt] ✅ Сообщение отправлено на jadecooper687@gmail.com
2025-12-16 02:25:38,346 INFO [eldorabuckridge71_at_gmail_com.txt]   Conversation ID: 738301028
2025-12-16 02:25:38,346 INFO [eldorabuckridge71_at_gmail_com.txt]   Conversation Token: db5318ee240de
2025-12-16 02:25:38,347 INFO ✅ Успешно отправлено на jadecooper687@gmail.com | Title: Kate Spade Pink Owl iPhone 6/6s Case | Ссылка: poshmark-usver7vnq.s8ver1849fs.com/213700872
2025-12-16 02:25:38,644 INFO [daversaarvillahp296t_at_gmail_com.txt] ✅ Сообщение отправлено на nasschneider@gmail.com
2025-12-16 02:25:38,644 INFO [daversaarvillahp296t_at_gmail_com.txt]   Conversation ID: 738301033
2025-12-16 02:25:38,644 INFO [daversaarvillahp296t_at_gmail_com.txt]   Conversation Token: bcd358cce0cda
2025-12-16 02:25:38,646 INFO [daversaarvillahp296t_at_gmail_com.txt] ⏸️  Пауза 16 секунды перед следующей отправкой...
2025-12-16 02:25:54,659 INFO 
[2/2] Обработка vaheporpossian@gmail.com...
2025-12-16 02:25:54,974 INFO [daversaarvillahp296t_at_gmail_com.txt] ✅ Email изменен на vaheporpossian@gmail.com
2025-12-16 02:25:54,975 INFO [daversaarvillahp296t_at_gmail_com.txt] 🔗 Используем персональную ссылку: poshmark-usver8wam.s8ver1849fs.com/244105387
2025-12-16 02:25:55,704 INFO [daversaarvillahp296t_at_gmail_com.txt] ✅ Сообщение отправлено на vaheporpossian@gmail.com
2025-12-16 02:25:55,704 INFO [daversaarvillahp296t_at_gmail_com.txt]   Conversation ID: 738301208
2025-12-16 02:25:55,704 INFO [daversaarvillahp296t_at_gmail_com.txt]   Conversation Token: 15d50206fab9c
2025-12-16 02:25:55,706 INFO ✅ Успешно отправлено на nasschneider@gmail.com | Title: AT&T Alcatel Black Smartphone - Android Go Edition | Ссылка: poshmark-usverzlof.s8ver1849fs.com/193527775
2025-12-16 02:25:55,706 INFO ✅ Успешно отправлено на vaheporpossian@gmail.com | Title: Itzchak Tarkay CYNTHIA in BROWN Framed Limited Edition Signed & Numbered 293/350 | Ссылка: poshmark-usver8wam.s8ver1849fs.com/244105387
2025-12-16 02:25:55,708 DEBUG 💾 Статистика сохранена для daversaarvillahp296t_at_gmail_com: 2/2000
2025-12-16 02:25:55,709 DEBUG 💾 Статистика сохранена для eldorabuckridge71_at_gmail_com: 1/2000
2025-12-16 02:26:32,119 INFO ✅ Спарсено 5 email
2025-12-16 02:26:32,675 DEBUG Validating kristine_waters@gmail.com via proxy: http://modeler_wg8LYZ:uWwpqvxdrAFh@172.236.12.10:11195
2025-12-16 02:26:32,675 INFO kristine_waters@gmail.com -> INVALID (Gmail validator)
2025-12-16 02:26:32,685 DEBUG Validating jennifer_unes@gmail.com via proxy: http://modeler_wg8LYZ:uWwpqvxdrAFh@172.236.12.10:11195
2025-12-16 02:26:32,686 INFO jennifer_unes@gmail.com -> INVALID (Gmail validator)
2025-12-16 02:26:32,875 DEBUG Validating lelandrafrance@gmail.com via proxy: http://modeler_wg8LYZ:uWwpqvxdrAFh@172.236.12.10:11195
2025-12-16 02:26:32,875 INFO lelandrafrance@gmail.com -> VALID (Gmail validator)
2025-12-16 02:26:32,894 DEBUG Validating alexc1323@gmail.com via proxy: http://modeler_wg8LYZ:uWwpqvxdrAFh@172.236.12.10:11195
2025-12-16 02:26:32,895 INFO alexc1323@gmail.com -> VALID (Gmail validator)
2025-12-16 02:26:33,002 DEBUG Validating rosereed247@gmail.com via proxy: http://modeler_wg8LYZ:uWwpqvxdrAFh@172.236.12.10:11195
2025-12-16 02:26:33,002 INFO rosereed247@gmail.com -> VALID (Gmail validator)
2025-12-16 02:26:33,503 INFO ✅ Сгенерирована ссылка: poshmark-usver440q.s8ver1849fs.com/245166636
2025-12-16 02:26:33,504 INFO ✅ Сгенерирована ссылка: poshmark-usverwj4z.s8ver1849fs.com/214409683
2025-12-16 02:26:33,505 INFO ✅ Сгенерирована ссылка: poshmark-usveroyam.s8ver1849fs.com/243798814
2025-12-16 02:26:33,505 INFO 🔗 Сгенерирована ссылка для alexc1323@gmail.com | Title: Elf on the Shelf Life-Sized 4ft 10 Figure | Link: poshmark-usver440q.s8ver1849fs.com/245166636
2025-12-16 02:26:33,505 INFO 🔗 Сгенерирована ссылка для lelandrafrance@gmail.com | Title: Skip Hop Colorful Activity Center with Musical Keys | Link: poshmark-usverwj4z.s8ver1849fs.com/214409683
2025-12-16 02:26:33,506 INFO 🔗 Сгенерирована ссылка для rosereed247@gmail.com | Title: kate spade Pink Polka Dot iPhone Case | Link: poshmark-usveroyam.s8ver1849fs.com/243798814
2025-12-16 02:26:33,511 INFO 📤 Отправка письма на rosereed247@gmail.com | Title: kate spade Pink Polka Dot iPhone Case | Ссылка: poshmark-usveroyam.s8ver1849fs.com/243798814
2025-12-16 02:26:33,511 INFO 📤 Отправка письма на alexc1323@gmail.com | Title: Elf on the Shelf Life-Sized 4ft 10 Figure | Ссылка: poshmark-usver440q.s8ver1849fs.com/245166636
2025-12-16 02:26:33,514 INFO 📤 Отправка письма на lelandrafrance@gmail.com | Title: Skip Hop Colorful Activity Center with Musical Keys | Ссылка: poshmark-usverwj4z.s8ver1849fs.com/214409683
2025-12-16 02:26:34,540 INFO ✅ Загружен кеш для аккаунта: eldorabuckridge71_at_gmail_com.txt
2025-12-16 02:26:34,541 INFO 🚀 Используем кешированные данные аккаунта
2025-12-16 02:26:34,542 INFO 
📧 Обрабатываем 1 email-адрес...
2025-12-16 02:26:34,542 INFO 
[1/1] Обработка lelandrafrance@gmail.com...
2025-12-16 02:26:34,876 INFO ✅ Загружен кеш для аккаунта: daversaarvillahp296t_at_gmail_com.txt
2025-12-16 02:26:34,877 INFO 🚀 Используем кешированные данные аккаунта
2025-12-16 02:26:34,878 INFO 
📧 Обрабатываем 2 email-адрес...
2025-12-16 02:26:34,878 INFO 
[1/2] Обработка rosereed247@gmail.com...
2025-12-16 02:26:35,683 INFO [eldorabuckridge71_at_gmail_com.txt] ✅ Email изменен на lelandrafrance@gmail.com
2025-12-16 02:26:35,683 INFO [eldorabuckridge71_at_gmail_com.txt] 🔗 Используем персональную ссылку: poshmark-usverwj4z.s8ver1849fs.com/214409683
2025-12-16 02:26:36,029 INFO [daversaarvillahp296t_at_gmail_com.txt] ✅ Email изменен на rosereed247@gmail.com
2025-12-16 02:26:36,029 INFO [daversaarvillahp296t_at_gmail_com.txt] 🔗 Используем персональную ссылку: poshmark-usveroyam.s8ver1849fs.com/243798814
2025-12-16 02:26:36,901 INFO [eldorabuckridge71_at_gmail_com.txt] ✅ Сообщение отправлено на lelandrafrance@gmail.com
2025-12-16 02:26:36,901 INFO [eldorabuckridge71_at_gmail_com.txt]   Conversation ID: 738301641
2025-12-16 02:26:36,901 INFO [eldorabuckridge71_at_gmail_com.txt]   Conversation Token: a578265c8361c
2025-12-16 02:26:36,903 INFO ✅ Успешно отправлено на lelandrafrance@gmail.com | Title: Skip Hop Colorful Activity Center with Musical Keys | Ссылка: poshmark-usverwj4z.s8ver1849fs.com/214409683
2025-12-16 02:26:37,164 INFO [daversaarvillahp296t_at_gmail_com.txt] ✅ Сообщение отправлено на rosereed247@gmail.com
2025-12-16 02:26:37,164 INFO [daversaarvillahp296t_at_gmail_com.txt]   Conversation ID: 738301644
2025-12-16 02:26:37,164 INFO [daversaarvillahp296t_at_gmail_com.txt]   Conversation Token: 472b126576261
2025-12-16 02:26:37,166 INFO [daversaarvillahp296t_at_gmail_com.txt] ⏸️  Пауза 16 секунды перед следующей отправкой...
