2025-12-16 02:01:39,465 INFO Logging initialized: logs\backend_run_2025-12-16_02-01-39.log
2025-12-16 02:01:39,465 INFO GoDaddy Spammer starting...
2025-12-16 02:01:39,472 INFO 📁 Найдено аккаунтов: 2
2025-12-16 02:01:39,472 INFO 🎯 Цель: 2000 писем на аккаунт
2025-12-16 02:01:39,474 INFO 📁 Аккаунты: rosamondallaband0319438_at_gmail_com.txt, terziannoeliarqobsw_at_gmail_com.txt
2025-12-16 02:01:39,501 INFO ⌨️ Запущен мониторинг клавиатуры
2025-12-16 02:01:58,054 INFO ✅ Спарсено 5 email
2025-12-16 02:01:58,063 INFO Gmail validator loaded: version 1.0.0
2025-12-16 02:01:58,630 DEBUG Validating hound_anyone42@gmail.com via proxy: http://modeler_wg8LYZ:uWwpqvxdrAFh@172.236.12.10:11195
2025-12-16 02:01:58,630 INFO hound_anyone42@gmail.com -> INVALID (Gmail validator)
2025-12-16 02:01:58,640 DEBUG Validating pannysnumber1@gmail.com via proxy: http://modeler_wg8LYZ:uWwpqvxdrAFh@172.236.12.10:11195
2025-12-16 02:01:58,640 INFO pannysnumber1@gmail.com -> INVALID (Gmail validator)
2025-12-16 02:01:58,642 DEBUG Validating almedohemrom@gmail.com via proxy: http://modeler_wg8LYZ:uWwpqvxdrAFh@172.236.12.10:11195
2025-12-16 02:01:58,642 INFO almedohemrom@gmail.com -> INVALID (Gmail validator)
2025-12-16 02:01:58,688 DEBUG Validating joys_remix4e@gmail.com via proxy: http://modeler_wg8LYZ:uWwpqvxdrAFh@172.236.12.10:11195
2025-12-16 02:01:58,688 INFO joys_remix4e@gmail.com -> INVALID (Gmail validator)
2025-12-16 02:01:58,875 DEBUG Validating deroinwolske@gmail.com via proxy: http://modeler_wg8LYZ:uWwpqvxdrAFh@172.236.12.10:11195
2025-12-16 02:01:58,876 INFO deroinwolske@gmail.com -> VALID (Gmail validator)
2025-12-16 02:01:59,346 INFO ✅ Сгенерирована ссылка: poshmarksxe8.s8ver1849fs.com/262629685
2025-12-16 02:02:00,825 INFO ✅ Загружен кеш для аккаунта: rosamondallaband0319438_at_gmail_com.txt
2025-12-16 02:02:00,827 INFO 🚀 Используем кешированные данные аккаунта
2025-12-16 02:02:00,828 INFO 
📧 Обрабатываем 1 email-адрес...
2025-12-16 02:02:00,828 INFO 
[1/1] Обработка deroinwolske@gmail.com...
2025-12-16 02:02:01,774 INFO [rosamondallaband0319438_at_gmail_com.txt] ✅ Email изменен на deroinwolske@gmail.com
2025-12-16 02:02:01,774 INFO [rosamondallaband0319438_at_gmail_com.txt] 🔗 Используем персональную ссылку: poshmarksxe8.s8ver1849fs.com/262629685
2025-12-16 02:02:02,949 INFO [rosamondallaband0319438_at_gmail_com.txt] ✅ Сообщение отправлено на deroinwolske@gmail.com
2025-12-16 02:02:02,949 INFO [rosamondallaband0319438_at_gmail_com.txt]   Conversation ID: 738284346
2025-12-16 02:02:02,949 INFO [rosamondallaband0319438_at_gmail_com.txt]   Conversation Token: 0f87e8304e513
2025-12-16 02:02:02,952 DEBUG 💾 Статистика сохранена для rosamondallaband0319438_at_gmail_com: 1/2000
2025-12-16 02:02:13,824 INFO ⏸️ Процесс поставлен на паузу
2025-12-16 02:02:21,037 INFO 📨 Запущена проверка inbox
2025-12-16 02:02:21,038 INFO 📧 Тестовое письмо через аккаунт: terziannoeliarqobsw_at_gmail_com.txt
2025-12-16 02:02:21,040 ERROR ❌ Ошибка inbox check: LinkGenerator.generate_link() got an unexpected keyword argument 'email'
Traceback (most recent call last):
  File "C:\Users\Administrator\Desktop\posh\1\src\keyboard_monitor.py", line 97, in check_inbox
    test_link = await link_generator.generate_link(
TypeError: LinkGenerator.generate_link() got an unexpected keyword argument 'email'
2025-12-16 02:02:33,590 INFO 📨 Запущена проверка inbox
2025-12-16 02:02:33,592 INFO 📧 Тестовое письмо через аккаунт: rosamondallaband0319438_at_gmail_com.txt
2025-12-16 02:02:33,593 ERROR ❌ Ошибка inbox check: LinkGenerator.generate_link() got an unexpected keyword argument 'email'
Traceback (most recent call last):
  File "C:\Users\Administrator\Desktop\posh\1\src\keyboard_monitor.py", line 97, in check_inbox
    test_link = await link_generator.generate_link(
TypeError: LinkGenerator.generate_link() got an unexpected keyword argument 'email'
2025-12-16 02:02:38,756 INFO ✅ Спарсено 5 email
2025-12-16 02:02:39,310 DEBUG Validating johnsonwebb@gmail.com via proxy: http://modeler_wg8LYZ:uWwpqvxdrAFh@172.236.12.10:11195
2025-12-16 02:02:39,311 INFO johnsonwebb@gmail.com -> INVALID (Gmail validator)
2025-12-16 02:02:39,320 DEBUG Validating davudauala@gmail.com via proxy: http://modeler_wg8LYZ:uWwpqvxdrAFh@172.236.12.10:11195
2025-12-16 02:02:39,320 INFO davudauala@gmail.com -> INVALID (Gmail validator)
2025-12-16 02:02:39,420 DEBUG Validating fgroesbeck@gmail.com via proxy: http://modeler_wg8LYZ:uWwpqvxdrAFh@172.236.12.10:11195
2025-12-16 02:02:39,420 INFO fgroesbeck@gmail.com -> VALID (Gmail validator)
2025-12-16 02:02:39,502 DEBUG Validating rosaurafoxx@gmail.com via proxy: http://modeler_wg8LYZ:uWwpqvxdrAFh@172.236.12.10:11195
2025-12-16 02:02:39,502 INFO rosaurafoxx@gmail.com -> VALID (Gmail validator)
2025-12-16 02:02:39,529 DEBUG Validating bauerlegend69@gmail.com via proxy: http://modeler_wg8LYZ:uWwpqvxdrAFh@172.236.12.10:11195
2025-12-16 02:02:39,530 INFO bauerlegend69@gmail.com -> VALID (Gmail validator)
2025-12-16 02:02:41,902 INFO 📨 Запущена проверка inbox
2025-12-16 02:02:41,903 INFO 📧 Тестовое письмо через аккаунт: terziannoeliarqobsw_at_gmail_com.txt
2025-12-16 02:02:41,905 ERROR ❌ Ошибка inbox check: LinkGenerator.generate_link() got an unexpected keyword argument 'email'
Traceback (most recent call last):
  File "C:\Users\Administrator\Desktop\posh\1\src\keyboard_monitor.py", line 97, in check_inbox
    test_link = await link_generator.generate_link(
TypeError: LinkGenerator.generate_link() got an unexpected keyword argument 'email'
2025-12-16 02:03:03,894 INFO ▶️ Процесс возобновлён
2025-12-16 02:03:04,230 INFO ✅ Сгенерирована ссылка: poshmarkjsct.s8ver1849fs.com/275770456
2025-12-16 02:03:04,259 INFO ✅ Сгенерирована ссылка: poshmarkknzt.s8ver1849fs.com/211629317
2025-12-16 02:03:04,260 INFO ✅ Сгенерирована ссылка: poshmarku28c.s8ver1849fs.com/251794766
2025-12-16 02:03:05,260 INFO ✅ Загружен кеш для аккаунта: rosamondallaband0319438_at_gmail_com.txt
2025-12-16 02:03:05,261 INFO 🚀 Используем кешированные данные аккаунта
2025-12-16 02:03:05,261 INFO 
📧 Обрабатываем 2 email-адрес...
2025-12-16 02:03:05,262 INFO 
[1/2] Обработка fgroesbeck@gmail.com...
2025-12-16 02:03:05,668 INFO ✅ Загружен кеш для аккаунта: terziannoeliarqobsw_at_gmail_com.txt
2025-12-16 02:03:05,670 INFO 🚀 Используем кешированные данные аккаунта
2025-12-16 02:03:05,671 INFO 
📧 Обрабатываем 1 email-адрес...
2025-12-16 02:03:05,671 INFO 
[1/1] Обработка bauerlegend69@gmail.com...
2025-12-16 02:03:06,537 INFO [rosamondallaband0319438_at_gmail_com.txt] ✅ Email изменен на fgroesbeck@gmail.com
2025-12-16 02:03:06,537 INFO [rosamondallaband0319438_at_gmail_com.txt] 🔗 Используем персональную ссылку: poshmarkknzt.s8ver1849fs.com/211629317
2025-12-16 02:03:06,660 INFO [terziannoeliarqobsw_at_gmail_com.txt] ✅ Email изменен на bauerlegend69@gmail.com
2025-12-16 02:03:06,660 INFO [terziannoeliarqobsw_at_gmail_com.txt] 🔗 Используем персональную ссылку: poshmarku28c.s8ver1849fs.com/251794766
2025-12-16 02:03:07,708 INFO [rosamondallaband0319438_at_gmail_com.txt] ✅ Сообщение отправлено на fgroesbeck@gmail.com
2025-12-16 02:03:07,708 INFO [rosamondallaband0319438_at_gmail_com.txt]   Conversation ID: 738285273
2025-12-16 02:03:07,708 INFO [rosamondallaband0319438_at_gmail_com.txt]   Conversation Token: 289d1274f3571
2025-12-16 02:03:07,710 INFO [rosamondallaband0319438_at_gmail_com.txt] ⏸️  Пауза 16 секунды перед следующей отправкой...
2025-12-16 02:03:07,798 INFO [terziannoeliarqobsw_at_gmail_com.txt] ✅ Сообщение отправлено на bauerlegend69@gmail.com
2025-12-16 02:03:07,798 INFO [terziannoeliarqobsw_at_gmail_com.txt]   Conversation ID: 738285276
2025-12-16 02:03:07,798 INFO [terziannoeliarqobsw_at_gmail_com.txt]   Conversation Token: 32d02cb424c0e
