2025-12-11 16:10:48,803 INFO Logging initialized: logs\backend_run_2025-12-12_00-10-48.log
2025-12-11 16:10:48,803 INFO GoDaddy Spammer starting...
2025-12-11 16:10:48,821 INFO 📁 Найдено аккаунтов: 2
2025-12-11 16:10:48,821 INFO 🎯 Цель: 2000 писем на аккаунт
2025-12-11 16:10:48,822 INFO 📁 Аккаунты: p1.txt, p2.txt
2025-12-11 16:11:47,799 INFO ✅ Спарсено 5 email
2025-12-11 16:11:47,805 INFO Gmail validator loaded: version 1.0.0
2025-12-11 16:11:48,073 DEBUG Validating abi_garcia@gmail.com via proxy: http://modeler_wg8LYZ:uWwpqvxdrAFh@172.236.12.10:11195
2025-12-11 16:11:48,074 INFO abi_garcia@gmail.com -> INVALID (Gmail validator)
2025-12-11 16:11:48,117 DEBUG Validating ulrich_flipz@gmail.com via proxy: http://modeler_wg8LYZ:uWwpqvxdrAFh@172.236.12.10:11195
2025-12-11 16:11:48,118 INFO ulrich_flipz@gmail.com -> INVALID (Gmail validator)
2025-12-11 16:11:48,253 DEBUG Validating chrissychair12@gmail.com via proxy: http://modeler_wg8LYZ:uWwpqvxdrAFh@172.236.12.10:11195
2025-12-11 16:11:48,253 INFO chrissychair12@gmail.com -> VALID (Gmail validator)
2025-12-11 16:11:48,263 DEBUG Validating damonmadelynn@gmail.com via proxy: http://modeler_wg8LYZ:uWwpqvxdrAFh@172.236.12.10:11195
2025-12-11 16:11:48,263 INFO damonmadelynn@gmail.com -> VALID (Gmail validator)
2025-12-11 16:11:48,315 DEBUG Validating dianabanana83@gmail.com via proxy: http://modeler_wg8LYZ:uWwpqvxdrAFh@172.236.12.10:11195
2025-12-11 16:11:48,315 INFO dianabanana83@gmail.com -> VALID (Gmail validator)
2025-12-11 16:11:49,234 INFO ✅ Загружен кеш для аккаунта: p2.txt
2025-12-11 16:11:49,235 INFO 🚀 Используем кешированные данные аккаунта
2025-12-11 16:11:49,235 INFO 
📧 Обрабатываем 1 email-адрес...
2025-12-11 16:11:49,236 INFO 
[1/1] Обработка dianabanana83@gmail.com...
2025-12-11 16:11:49,369 INFO ✅ Загружен кеш для аккаунта: p1.txt
2025-12-11 16:11:49,370 INFO 🚀 Используем кешированные данные аккаунта
2025-12-11 16:11:49,371 INFO 
📧 Обрабатываем 2 email-адрес...
2025-12-11 16:11:49,371 INFO 
[1/2] Обработка damonmadelynn@gmail.com...
2025-12-11 16:11:50,101 INFO [p2.txt] ✅ Email изменен на dianabanana83@gmail.com
2025-12-11 16:11:50,265 INFO [p1.txt] ✅ Email изменен на damonmadelynn@gmail.com
2025-12-11 16:11:51,221 INFO [p2.txt] ✅ Сообщение отправлено на dianabanana83@gmail.com
2025-12-11 16:11:51,221 INFO [p2.txt]   Conversation ID: 734569489
2025-12-11 16:11:51,221 INFO [p2.txt]   Conversation Token: d8da2c95ee008
2025-12-11 16:11:51,288 INFO [p1.txt] ✅ Сообщение отправлено на damonmadelynn@gmail.com
2025-12-11 16:11:51,288 INFO [p1.txt]   Conversation ID: 734569490
2025-12-11 16:11:51,288 INFO [p1.txt]   Conversation Token: a19ed2ed5f1c5
2025-12-11 16:11:51,291 INFO [p1.txt] ⏸️  Пауза 16 секунды перед следующей отправкой...
2025-12-11 16:12:07,284 INFO 
[2/2] Обработка chrissychair12@gmail.com...
2025-12-11 16:12:07,550 INFO [p1.txt] ✅ Email изменен на chrissychair12@gmail.com
2025-12-11 16:12:08,066 INFO [p1.txt] ✅ Сообщение отправлено на chrissychair12@gmail.com
2025-12-11 16:12:08,066 INFO [p1.txt]   Conversation ID: 734569694
2025-12-11 16:12:08,066 INFO [p1.txt]   Conversation Token: d3370a8ce7b5d
2025-12-11 16:12:08,068 DEBUG 💾 Статистика сохранена для p1: 2/2000
2025-12-11 16:12:08,069 DEBUG 💾 Статистика сохранена для p2: 1/2000
2025-12-11 16:12:57,394 INFO ✅ Спарсено 5 email
2025-12-11 16:12:57,681 DEBUG Validating av3368@gmail.com via proxy: http://modeler_wg8LYZ:uWwpqvxdrAFh@172.236.12.10:11195
2025-12-11 16:12:57,681 INFO av3368@gmail.com -> INVALID (Gmail validator)
2025-12-11 16:12:57,687 DEBUG Validating leah_yanni@gmail.com via proxy: http://modeler_wg8LYZ:uWwpqvxdrAFh@172.236.12.10:11195
2025-12-11 16:12:57,687 INFO leah_yanni@gmail.com -> INVALID (Gmail validator)
2025-12-11 16:12:57,700 DEBUG Validating crow_shop@gmail.com via proxy: http://modeler_wg8LYZ:uWwpqvxdrAFh@172.236.12.10:11195
2025-12-11 16:12:57,700 INFO crow_shop@gmail.com -> INVALID (Gmail validator)
2025-12-11 16:12:57,826 DEBUG Validating mgperry01@gmail.com via proxy: http://modeler_wg8LYZ:uWwpqvxdrAFh@172.236.12.10:11195
2025-12-11 16:12:57,826 INFO mgperry01@gmail.com -> VALID (Gmail validator)
2025-12-11 16:12:57,901 DEBUG Validating tgalask92@gmail.com via proxy: http://modeler_wg8LYZ:uWwpqvxdrAFh@172.236.12.10:11195
2025-12-11 16:12:57,901 INFO tgalask92@gmail.com -> VALID (Gmail validator)
2025-12-11 16:12:59,125 INFO ✅ Загружен кеш для аккаунта: p1.txt
2025-12-11 16:12:59,126 INFO 🚀 Используем кешированные данные аккаунта
2025-12-11 16:12:59,127 INFO 
📧 Обрабатываем 1 email-адрес...
2025-12-11 16:12:59,127 INFO 
[1/1] Обработка tgalask92@gmail.com...
2025-12-11 16:12:59,354 INFO ✅ Загружен кеш для аккаунта: p2.txt
2025-12-11 16:12:59,355 INFO 🚀 Используем кешированные данные аккаунта
2025-12-11 16:12:59,357 INFO 
📧 Обрабатываем 1 email-адрес...
2025-12-11 16:12:59,357 INFO 
[1/1] Обработка mgperry01@gmail.com...
2025-12-11 16:12:59,914 INFO [p1.txt] ✅ Email изменен на tgalask92@gmail.com
2025-12-11 16:13:00,260 INFO [p2.txt] ✅ Email изменен на mgperry01@gmail.com
2025-12-11 16:13:00,765 INFO [p1.txt] ✅ Сообщение отправлено на tgalask92@gmail.com
2025-12-11 16:13:00,765 INFO [p1.txt]   Conversation ID: 734570337
2025-12-11 16:13:00,765 INFO [p1.txt]   Conversation Token: 865b4badb18d5
2025-12-11 16:13:01,144 INFO [p2.txt] ✅ Сообщение отправлено на mgperry01@gmail.com
2025-12-11 16:13:01,144 INFO [p2.txt]   Conversation ID: 734570345
2025-12-11 16:13:01,144 INFO [p2.txt]   Conversation Token: a90f622245148
2025-12-11 16:13:01,144 DEBUG 💾 Статистика сохранена для p1: 3/2000
2025-12-11 16:13:01,144 DEBUG 💾 Статистика сохранена для p2: 2/2000
2025-12-11 16:13:53,984 INFO ✅ Спарсено 5 email
2025-12-11 16:13:54,255 DEBUG Validating brinboutique@gmail.com via proxy: http://modeler_wg8LYZ:uWwpqvxdrAFh@172.236.12.10:11195
2025-12-11 16:13:54,255 INFO brinboutique@gmail.com -> INVALID (Gmail validator)
2025-12-11 16:13:54,286 DEBUG Validating blalockgay9@gmail.com via proxy: http://modeler_wg8LYZ:uWwpqvxdrAFh@172.236.12.10:11195
2025-12-11 16:13:54,286 INFO blalockgay9@gmail.com -> INVALID (Gmail validator)
2025-12-11 16:13:54,297 DEBUG Validating pamela_l_foster@gmail.com via proxy: http://modeler_wg8LYZ:uWwpqvxdrAFh@172.236.12.10:11195
2025-12-11 16:13:54,297 INFO pamela_l_foster@gmail.com -> INVALID (Gmail validator)
2025-12-11 16:13:54,393 DEBUG Validating kamarjit@gmail.com via proxy: http://modeler_wg8LYZ:uWwpqvxdrAFh@172.236.12.10:11195
2025-12-11 16:13:54,393 INFO kamarjit@gmail.com -> VALID (Gmail validator)
2025-12-11 16:13:54,420 DEBUG Validating hannahsteiger1@gmail.com via proxy: http://modeler_wg8LYZ:uWwpqvxdrAFh@172.236.12.10:11195
2025-12-11 16:13:54,420 INFO hannahsteiger1@gmail.com -> VALID (Gmail validator)
2025-12-11 16:13:55,347 INFO ✅ Загружен кеш для аккаунта: p2.txt
2025-12-11 16:13:55,347 INFO 🚀 Используем кешированные данные аккаунта
2025-12-11 16:13:55,348 INFO 
📧 Обрабатываем 1 email-адрес...
2025-12-11 16:13:55,348 INFO 
[1/1] Обработка hannahsteiger1@gmail.com...
2025-12-11 16:13:55,863 INFO ✅ Загружен кеш для аккаунта: p1.txt
2025-12-11 16:13:55,863 INFO 🚀 Используем кешированные данные аккаунта
2025-12-11 16:13:55,863 INFO 
📧 Обрабатываем 1 email-адрес...
2025-12-11 16:13:55,863 INFO 
[1/1] Обработка kamarjit@gmail.com...
2025-12-11 16:13:56,097 INFO [p2.txt] ✅ Email изменен на hannahsteiger1@gmail.com
2025-12-11 16:13:56,712 INFO [p1.txt] ✅ Email изменен на kamarjit@gmail.com
2025-12-11 16:13:56,978 INFO [p2.txt] ✅ Сообщение отправлено на hannahsteiger1@gmail.com
2025-12-11 16:13:56,978 INFO [p2.txt]   Conversation ID: 734570965
2025-12-11 16:13:56,978 INFO [p2.txt]   Conversation Token: b9549e5695b61
2025-12-11 16:13:57,842 INFO [p1.txt] ✅ Сообщение отправлено на kamarjit@gmail.com
2025-12-11 16:13:57,843 INFO [p1.txt]   Conversation ID: 734570973
2025-12-11 16:13:57,843 INFO [p1.txt]   Conversation Token: d08ea09ba0acb
2025-12-11 16:13:57,845 DEBUG 💾 Статистика сохранена для p1: 4/2000
2025-12-11 16:13:57,845 DEBUG 💾 Статистика сохранена для p2: 3/2000
2025-12-11 16:15:19,361 INFO ✅ Спарсено 5 email
2025-12-11 16:15:19,635 DEBUG Validating srahmar14@gmail.com via proxy: http://modeler_wg8LYZ:uWwpqvxdrAFh@172.236.12.10:11195
2025-12-11 16:15:19,635 INFO srahmar14@gmail.com -> INVALID (Gmail validator)
2025-12-11 16:15:19,639 DEBUG Validating aliciasanche295@gmail.com via proxy: http://modeler_wg8LYZ:uWwpqvxdrAFh@172.236.12.10:11195
2025-12-11 16:15:19,639 INFO aliciasanche295@gmail.com -> INVALID (Gmail validator)
2025-12-11 16:15:19,649 DEBUG Validating hamantobiah@gmail.com via proxy: http://modeler_wg8LYZ:uWwpqvxdrAFh@172.236.12.10:11195
2025-12-11 16:15:19,649 INFO hamantobiah@gmail.com -> INVALID (Gmail validator)
2025-12-11 16:15:19,656 DEBUG Validating sarahcharest246@gmail.com via proxy: http://modeler_wg8LYZ:uWwpqvxdrAFh@172.236.12.10:11195
2025-12-11 16:15:19,656 INFO sarahcharest246@gmail.com -> INVALID (Gmail validator)
2025-12-11 16:15:19,676 DEBUG Validating floreedu23@gmail.com via proxy: http://modeler_wg8LYZ:uWwpqvxdrAFh@172.236.12.10:11195
2025-12-11 16:15:19,676 INFO floreedu23@gmail.com -> INVALID (Gmail validator)
2025-12-11 16:16:30,995 INFO ✅ Спарсено 5 email
2025-12-11 16:16:31,282 DEBUG Validating rebloomthrift@gmail.com via proxy: http://modeler_wg8LYZ:uWwpqvxdrAFh@172.236.12.10:11195
2025-12-11 16:16:31,282 INFO rebloomthrift@gmail.com -> INVALID (Gmail validator)
2025-12-11 16:16:31,288 DEBUG Validating 804_jayy@gmail.com via proxy: http://modeler_wg8LYZ:uWwpqvxdrAFh@172.236.12.10:11195
2025-12-11 16:16:31,288 INFO 804_jayy@gmail.com -> INVALID (Gmail validator)
2025-12-11 16:16:31,293 DEBUG Validating jselberg@gmail.com via proxy: http://modeler_wg8LYZ:uWwpqvxdrAFh@172.236.12.10:11195
2025-12-11 16:16:31,293 INFO jselberg@gmail.com -> INVALID (Gmail validator)
2025-12-11 16:16:31,443 DEBUG Validating esmer956@gmail.com via proxy: http://modeler_wg8LYZ:uWwpqvxdrAFh@172.236.12.10:11195
2025-12-11 16:16:31,443 INFO esmer956@gmail.com -> VALID (Gmail validator)
2025-12-11 16:16:31,467 DEBUG Validating klmoore0215@gmail.com via proxy: http://modeler_wg8LYZ:uWwpqvxdrAFh@172.236.12.10:11195
2025-12-11 16:16:31,467 INFO klmoore0215@gmail.com -> VALID (Gmail validator)
2025-12-11 16:16:32,365 INFO ✅ Загружен кеш для аккаунта: p1.txt
2025-12-11 16:16:32,366 INFO 🚀 Используем кешированные данные аккаунта
2025-12-11 16:16:32,367 INFO 
📧 Обрабатываем 1 email-адрес...
2025-12-11 16:16:32,367 INFO 
[1/1] Обработка esmer956@gmail.com...
2025-12-11 16:16:32,399 INFO ✅ Загружен кеш для аккаунта: p2.txt
2025-12-11 16:16:32,400 INFO 🚀 Используем кешированные данные аккаунта
2025-12-11 16:16:32,406 INFO 
📧 Обрабатываем 1 email-адрес...
2025-12-11 16:16:32,407 INFO 
[1/1] Обработка klmoore0215@gmail.com...
2025-12-11 16:16:33,175 INFO [p2.txt] ✅ Email изменен на klmoore0215@gmail.com
2025-12-11 16:16:33,506 INFO [p1.txt] ✅ Email изменен на esmer956@gmail.com
2025-12-11 16:16:34,519 INFO [p1.txt] ✅ Сообщение отправлено на esmer956@gmail.com
2025-12-11 16:16:34,519 INFO [p1.txt]   Conversation ID: 734572766
2025-12-11 16:16:34,519 INFO [p1.txt]   Conversation Token: a452d8ff89bdb
2025-12-11 16:16:34,519 INFO [p2.txt] ✅ Сообщение отправлено на klmoore0215@gmail.com
2025-12-11 16:16:34,519 INFO [p2.txt]   Conversation ID: 734572765
2025-12-11 16:16:34,519 INFO [p2.txt]   Conversation Token: 1a70c1e54868a
2025-12-11 16:16:34,536 DEBUG 💾 Статистика сохранена для p1: 5/2000
2025-12-11 16:16:34,537 DEBUG 💾 Статистика сохранена для p2: 4/2000
2025-12-11 16:17:49,925 INFO ✅ Спарсено 5 email
2025-12-11 16:17:50,238 DEBUG Validating notsograceful9@gmail.com via proxy: http://modeler_wg8LYZ:uWwpqvxdrAFh@172.236.12.10:11195
2025-12-11 16:17:50,238 INFO notsograceful9@gmail.com -> INVALID (Gmail validator)
2025-12-11 16:17:50,278 DEBUG Validating jorgesantiago9@gmail.com via proxy: http://modeler_wg8LYZ:uWwpqvxdrAFh@172.236.12.10:11195
2025-12-11 16:17:50,278 INFO jorgesantiago9@gmail.com -> VALID (Gmail validator)
2025-12-11 16:17:50,363 DEBUG Validating yuliaanikina@gmail.com via proxy: http://modeler_wg8LYZ:uWwpqvxdrAFh@172.236.12.10:11195
2025-12-11 16:17:50,363 INFO yuliaanikina@gmail.com -> VALID (Gmail validator)
2025-12-11 16:17:50,385 DEBUG Validating ruizbri2420@gmail.com via proxy: http://modeler_wg8LYZ:uWwpqvxdrAFh@172.236.12.10:11195
2025-12-11 16:17:50,385 INFO ruizbri2420@gmail.com -> VALID (Gmail validator)
2025-12-11 16:17:50,414 DEBUG Validating fallon1992@gmail.com via proxy: http://modeler_wg8LYZ:uWwpqvxdrAFh@172.236.12.10:11195
2025-12-11 16:17:50,415 INFO fallon1992@gmail.com -> VALID (Gmail validator)
2025-12-11 16:17:51,351 INFO ✅ Загружен кеш для аккаунта: p2.txt
2025-12-11 16:17:51,352 INFO 🚀 Используем кешированные данные аккаунта
2025-12-11 16:17:51,353 INFO 
📧 Обрабатываем 2 email-адрес...
2025-12-11 16:17:51,353 INFO 
[1/2] Обработка jorgesantiago9@gmail.com...
2025-12-11 16:17:52,107 INFO [p2.txt] ✅ Email изменен на jorgesantiago9@gmail.com
2025-12-11 16:17:52,316 INFO ✅ Загружен кеш для аккаунта: p1.txt
2025-12-11 16:17:52,317 INFO 🚀 Используем кешированные данные аккаунта
2025-12-11 16:17:52,318 INFO 
📧 Обрабатываем 2 email-адрес...
2025-12-11 16:17:52,318 INFO 
[1/2] Обработка fallon1992@gmail.com...
2025-12-11 16:17:53,167 INFO [p2.txt] ✅ Сообщение отправлено на jorgesantiago9@gmail.com
2025-12-11 16:17:53,167 INFO [p2.txt]   Conversation ID: 734573697
2025-12-11 16:17:53,168 INFO [p2.txt]   Conversation Token: ea3b231d3c3f8
2025-12-11 16:17:53,168 INFO [p2.txt] ⏸️  Пауза 16 секунды перед следующей отправкой...
2025-12-11 16:17:53,833 INFO [p1.txt] ✅ Email изменен на fallon1992@gmail.com
2025-12-11 16:17:54,676 INFO [p1.txt] ✅ Сообщение отправлено на fallon1992@gmail.com
2025-12-11 16:17:54,676 INFO [p1.txt]   Conversation ID: 734573722
2025-12-11 16:17:54,676 INFO [p1.txt]   Conversation Token: c25efe0c7ad4c
2025-12-11 16:17:54,676 INFO [p1.txt] ⏸️  Пауза 16 секунды перед следующей отправкой...
2025-12-11 16:18:09,190 INFO 
[2/2] Обработка yuliaanikina@gmail.com...
2025-12-11 16:18:09,456 INFO [p2.txt] ✅ Email изменен на yuliaanikina@gmail.com
2025-12-11 16:18:09,966 INFO [p2.txt] ✅ Сообщение отправлено на yuliaanikina@gmail.com
2025-12-11 16:18:09,966 INFO [p2.txt]   Conversation ID: 734573898
2025-12-11 16:18:09,966 INFO [p2.txt]   Conversation Token: 6ce95adec6587
2025-12-11 16:18:10,699 INFO 
[2/2] Обработка ruizbri2420@gmail.com...
2025-12-11 16:18:10,972 INFO [p1.txt] ✅ Email изменен на ruizbri2420@gmail.com
2025-12-11 16:18:11,435 INFO [p1.txt] ✅ Сообщение отправлено на ruizbri2420@gmail.com
2025-12-11 16:18:11,435 INFO [p1.txt]   Conversation ID: 734573918
2025-12-11 16:18:11,435 INFO [p1.txt]   Conversation Token: 18069854620e0
2025-12-11 16:18:11,437 DEBUG 💾 Статистика сохранена для p1: 7/2000
2025-12-11 16:18:11,438 DEBUG 💾 Статистика сохранена для p2: 6/2000
2025-12-11 16:18:52,848 INFO ✅ Спарсено 5 email
2025-12-11 16:18:53,131 DEBUG Validating kuda210@gmail.com via proxy: http://modeler_wg8LYZ:uWwpqvxdrAFh@172.236.12.10:11195
2025-12-11 16:18:53,131 INFO kuda210@gmail.com -> INVALID (Gmail validator)
2025-12-11 16:18:53,144 DEBUG Validating brianamercad155@gmail.com via proxy: http://modeler_wg8LYZ:uWwpqvxdrAFh@172.236.12.10:11195
2025-12-11 16:18:53,144 INFO brianamercad155@gmail.com -> INVALID (Gmail validator)
2025-12-11 16:18:53,290 DEBUG Validating yg684807@gmail.com via proxy: http://modeler_wg8LYZ:uWwpqvxdrAFh@172.236.12.10:11195
2025-12-11 16:18:53,290 INFO yg684807@gmail.com -> VALID (Gmail validator)
2025-12-11 16:18:53,313 DEBUG Validating jdenel26@gmail.com via proxy: http://modeler_wg8LYZ:uWwpqvxdrAFh@172.236.12.10:11195
2025-12-11 16:18:53,313 INFO jdenel26@gmail.com -> VALID (Gmail validator)
2025-12-11 16:18:53,351 DEBUG Validating tamoshan72@gmail.com via proxy: http://modeler_wg8LYZ:uWwpqvxdrAFh@172.236.12.10:11195
2025-12-11 16:18:53,351 INFO tamoshan72@gmail.com -> VALID (Gmail validator)
2025-12-11 16:18:54,351 INFO ✅ Загружен кеш для аккаунта: p2.txt
2025-12-11 16:18:54,352 INFO 🚀 Используем кешированные данные аккаунта
2025-12-11 16:18:54,352 INFO 
📧 Обрабатываем 1 email-адрес...
2025-12-11 16:18:54,352 INFO 
[1/1] Обработка yg684807@gmail.com...
2025-12-11 16:18:54,538 INFO ✅ Загружен кеш для аккаунта: p1.txt
2025-12-11 16:18:54,539 INFO 🚀 Используем кешированные данные аккаунта
2025-12-11 16:18:54,540 INFO 
📧 Обрабатываем 2 email-адрес...
2025-12-11 16:18:54,540 INFO 
[1/2] Обработка tamoshan72@gmail.com...
2025-12-11 16:18:55,378 INFO [p2.txt] ✅ Email изменен на yg684807@gmail.com
2025-12-11 16:18:55,400 INFO [p1.txt] ✅ Email изменен на tamoshan72@gmail.com
2025-12-11 16:18:56,328 INFO [p2.txt] ✅ Сообщение отправлено на yg684807@gmail.com
2025-12-11 16:18:56,328 INFO [p2.txt]   Conversation ID: 734574384
2025-12-11 16:18:56,328 INFO [p2.txt]   Conversation Token: 1069aaf6965ac
2025-12-11 16:18:58,081 INFO [p1.txt] ✅ Сообщение отправлено на tamoshan72@gmail.com
2025-12-11 16:18:58,081 INFO [p1.txt]   Conversation ID: 734574411
2025-12-11 16:18:58,081 INFO [p1.txt]   Conversation Token: 0193519f2f5cf
2025-12-11 16:18:58,081 INFO [p1.txt] ⏸️  Пауза 16 секунды перед следующей отправкой...
2025-12-11 16:19:14,098 INFO 
[2/2] Обработка jdenel26@gmail.com...
2025-12-11 16:19:14,362 INFO [p1.txt] ✅ Email изменен на jdenel26@gmail.com
2025-12-11 16:19:15,252 INFO [p1.txt] ✅ Сообщение отправлено на jdenel26@gmail.com
2025-12-11 16:19:15,252 INFO [p1.txt]   Conversation ID: 734574577
2025-12-11 16:19:15,252 INFO [p1.txt]   Conversation Token: 9afe12425c366
2025-12-11 16:19:15,254 DEBUG 💾 Статистика сохранена для p1: 9/2000
2025-12-11 16:19:15,255 DEBUG 💾 Статистика сохранена для p2: 7/2000
2025-12-11 16:20:22,151 INFO ✅ Спарсено 5 email
2025-12-11 16:20:22,430 DEBUG Validating mengesed69@gmail.com via proxy: http://modeler_wg8LYZ:uWwpqvxdrAFh@172.236.12.10:11195
2025-12-11 16:20:22,430 INFO mengesed69@gmail.com -> INVALID (Gmail validator)
2025-12-11 16:20:22,460 DEBUG Validating livejewelrydigs@gmail.com via proxy: http://modeler_wg8LYZ:uWwpqvxdrAFh@172.236.12.10:11195
2025-12-11 16:20:22,460 INFO livejewelrydigs@gmail.com -> INVALID (Gmail validator)
2025-12-11 16:20:22,471 DEBUG Validating eleniseferaj@gmail.com via proxy: http://modeler_wg8LYZ:uWwpqvxdrAFh@172.236.12.10:11195
2025-12-11 16:20:22,471 INFO eleniseferaj@gmail.com -> INVALID (Gmail validator)
2025-12-11 16:20:22,550 DEBUG Validating diamondcatch@gmail.com via proxy: http://modeler_wg8LYZ:uWwpqvxdrAFh@172.236.12.10:11195
2025-12-11 16:20:22,550 INFO diamondcatch@gmail.com -> VALID (Gmail validator)
2025-12-11 16:20:22,687 DEBUG Validating greybodkin@gmail.com via proxy: http://modeler_wg8LYZ:uWwpqvxdrAFh@172.236.12.10:11195
2025-12-11 16:20:22,687 INFO greybodkin@gmail.com -> VALID (Gmail validator)
2025-12-11 16:20:23,548 INFO ✅ Загружен кеш для аккаунта: p1.txt
2025-12-11 16:20:23,548 INFO 🚀 Используем кешированные данные аккаунта
2025-12-11 16:20:23,549 INFO 
📧 Обрабатываем 1 email-адрес...
2025-12-11 16:20:23,549 INFO 
[1/1] Обработка greybodkin@gmail.com...
2025-12-11 16:20:23,665 INFO ✅ Загружен кеш для аккаунта: p2.txt
2025-12-11 16:20:23,665 INFO 🚀 Используем кешированные данные аккаунта
2025-12-11 16:20:23,665 INFO 
📧 Обрабатываем 1 email-адрес...
2025-12-11 16:20:23,665 INFO 
[1/1] Обработка diamondcatch@gmail.com...
2025-12-11 16:20:24,290 INFO [p1.txt] ✅ Email изменен на greybodkin@gmail.com
2025-12-11 16:20:24,367 INFO [p2.txt] ✅ Email изменен на diamondcatch@gmail.com
2025-12-11 16:20:25,189 INFO [p1.txt] ✅ Сообщение отправлено на greybodkin@gmail.com
2025-12-11 16:20:25,189 INFO [p1.txt]   Conversation ID: 734575259
2025-12-11 16:20:25,189 INFO [p1.txt]   Conversation Token: 4975643822d8b
2025-12-11 16:20:25,374 INFO [p2.txt] ✅ Сообщение отправлено на diamondcatch@gmail.com
2025-12-11 16:20:25,374 INFO [p2.txt]   Conversation ID: 734575262
2025-12-11 16:20:25,374 INFO [p2.txt]   Conversation Token: f7225f115390f
2025-12-11 16:20:25,376 DEBUG 💾 Статистика сохранена для p1: 10/2000
2025-12-11 16:20:25,377 DEBUG 💾 Статистика сохранена для p2: 8/2000
2025-12-11 16:21:58,268 INFO ✅ Спарсено 5 email
2025-12-11 16:21:58,564 DEBUG Validating varietyvshop@gmail.com via proxy: http://modeler_wg8LYZ:uWwpqvxdrAFh@172.236.12.10:11195
2025-12-11 16:21:58,564 INFO varietyvshop@gmail.com -> INVALID (Gmail validator)
2025-12-11 16:21:58,575 DEBUG Validating nat_buck@gmail.com via proxy: http://modeler_wg8LYZ:uWwpqvxdrAFh@172.236.12.10:11195
2025-12-11 16:21:58,575 INFO nat_buck@gmail.com -> INVALID (Gmail validator)
2025-12-11 16:21:58,636 DEBUG Validating rinajrodriguez@gmail.com via proxy: http://modeler_wg8LYZ:uWwpqvxdrAFh@172.236.12.10:11195
2025-12-11 16:21:58,636 INFO rinajrodriguez@gmail.com -> VALID (Gmail validator)
2025-12-11 16:21:58,666 DEBUG Validating standleygoat@gmail.com via proxy: http://modeler_wg8LYZ:uWwpqvxdrAFh@172.236.12.10:11195
2025-12-11 16:21:58,666 INFO standleygoat@gmail.com -> VALID (Gmail validator)
2025-12-11 16:21:58,738 DEBUG Validating shopkottollc@gmail.com via proxy: http://modeler_wg8LYZ:uWwpqvxdrAFh@172.236.12.10:11195
2025-12-11 16:21:58,738 INFO shopkottollc@gmail.com -> VALID (Gmail validator)
2025-12-11 16:21:59,914 INFO ✅ Загружен кеш для аккаунта: p2.txt
2025-12-11 16:21:59,914 INFO 🚀 Используем кешированные данные аккаунта
2025-12-11 16:21:59,915 INFO 
📧 Обрабатываем 1 email-адрес...
2025-12-11 16:21:59,915 INFO 
[1/1] Обработка rinajrodriguez@gmail.com...
2025-12-11 16:21:59,945 INFO ✅ Загружен кеш для аккаунта: p1.txt
2025-12-11 16:21:59,946 INFO 🚀 Используем кешированные данные аккаунта
2025-12-11 16:21:59,947 INFO 
📧 Обрабатываем 2 email-адрес...
2025-12-11 16:21:59,947 INFO 
[1/2] Обработка standleygoat@gmail.com...
2025-12-11 16:22:00,671 INFO [p1.txt] ✅ Email изменен на standleygoat@gmail.com
2025-12-11 16:22:00,858 INFO [p2.txt] ✅ Email изменен на rinajrodriguez@gmail.com
2025-12-11 16:22:01,832 INFO [p2.txt] ✅ Сообщение отправлено на rinajrodriguez@gmail.com
2025-12-11 16:22:01,832 INFO [p2.txt]   Conversation ID: 734576160
2025-12-11 16:22:01,832 INFO [p2.txt]   Conversation Token: 0f5306d43fa88
2025-12-11 16:22:01,900 INFO [p1.txt] ✅ Сообщение отправлено на standleygoat@gmail.com
2025-12-11 16:22:01,900 INFO [p1.txt]   Conversation ID: 734576161
2025-12-11 16:22:01,900 INFO [p1.txt]   Conversation Token: a40b03e25abc1
2025-12-11 16:22:01,904 INFO [p1.txt] ⏸️  Пауза 16 секунды перед следующей отправкой...
2025-12-11 16:22:17,878 INFO 
[2/2] Обработка shopkottollc@gmail.com...
2025-12-11 16:22:18,112 INFO [p1.txt] ✅ Email изменен на shopkottollc@gmail.com
2025-12-11 16:22:18,773 INFO [p1.txt] ✅ Сообщение отправлено на shopkottollc@gmail.com
2025-12-11 16:22:18,773 INFO [p1.txt]   Conversation ID: 734576325
2025-12-11 16:22:18,773 INFO [p1.txt]   Conversation Token: f96f8655c8c9a
2025-12-11 16:22:18,775 DEBUG 💾 Статистика сохранена для p1: 12/2000
2025-12-11 16:22:18,775 DEBUG 💾 Статистика сохранена для p2: 9/2000
2025-12-11 16:23:27,722 INFO ✅ Спарсено 5 email
2025-12-11 16:23:28,071 DEBUG Validating sarahmar14@gmail.com via proxy: http://modeler_wg8LYZ:uWwpqvxdrAFh@172.236.12.10:11195
2025-12-11 16:23:28,071 INFO sarahmar14@gmail.com -> VALID (Gmail validator)
2025-12-11 16:23:28,127 DEBUG Validating joselinegomes@gmail.com via proxy: http://modeler_wg8LYZ:uWwpqvxdrAFh@172.236.12.10:11195
2025-12-11 16:23:28,127 INFO joselinegomes@gmail.com -> VALID (Gmail validator)
2025-12-11 16:23:28,180 DEBUG Validating browntodd225@gmail.com via proxy: http://modeler_wg8LYZ:uWwpqvxdrAFh@172.236.12.10:11195
2025-12-11 16:23:28,180 INFO browntodd225@gmail.com -> VALID (Gmail validator)
2025-12-11 16:23:28,212 DEBUG Validating chrystinahai@gmail.com via proxy: http://modeler_wg8LYZ:uWwpqvxdrAFh@172.236.12.10:11195
2025-12-11 16:23:28,212 INFO chrystinahai@gmail.com -> VALID (Gmail validator)
2025-12-11 16:23:28,237 DEBUG Validating darciejedwards@gmail.com via proxy: http://modeler_wg8LYZ:uWwpqvxdrAFh@172.236.12.10:11195
2025-12-11 16:23:28,237 INFO darciejedwards@gmail.com -> VALID (Gmail validator)
2025-12-11 16:23:29,185 INFO ✅ Загружен кеш для аккаунта: p1.txt
2025-12-11 16:23:29,186 INFO 🚀 Используем кешированные данные аккаунта
2025-12-11 16:23:29,187 INFO 
📧 Обрабатываем 3 email-адрес...
2025-12-11 16:23:29,187 INFO 
[1/3] Обработка chrystinahai@gmail.com...
2025-12-11 16:23:29,556 INFO ✅ Загружен кеш для аккаунта: p2.txt
2025-12-11 16:23:29,557 INFO 🚀 Используем кешированные данные аккаунта
2025-12-11 16:23:29,558 INFO 
📧 Обрабатываем 2 email-адрес...
2025-12-11 16:23:29,558 INFO 
[1/2] Обработка joselinegomes@gmail.com...
2025-12-11 16:23:29,987 INFO [p1.txt] ✅ Email изменен на chrystinahai@gmail.com
2025-12-11 16:23:30,457 INFO [p2.txt] ✅ Email изменен на joselinegomes@gmail.com
2025-12-11 16:23:31,552 INFO [p1.txt] ✅ Сообщение отправлено на chrystinahai@gmail.com
2025-12-11 16:23:31,552 INFO [p1.txt]   Conversation ID: 734577080
2025-12-11 16:23:31,552 INFO [p1.txt]   Conversation Token: 5747b9f3b6136
2025-12-11 16:23:31,553 INFO [p1.txt] ⏸️  Пауза 16 секунды перед следующей отправкой...
2025-12-11 16:23:31,566 INFO [p2.txt] ✅ Сообщение отправлено на joselinegomes@gmail.com
2025-12-11 16:23:31,566 INFO [p2.txt]   Conversation ID: 734577078
2025-12-11 16:23:31,566 INFO [p2.txt]   Conversation Token: 002e67bfe0007
2025-12-11 16:23:31,567 INFO [p2.txt] ⏸️  Пауза 16 секунды перед следующей отправкой...
2025-12-11 16:23:47,565 INFO 
[2/3] Обработка darciejedwards@gmail.com...
2025-12-11 16:23:47,566 INFO 
[2/2] Обработка browntodd225@gmail.com...
2025-12-11 16:23:47,878 INFO [p2.txt] ✅ Email изменен на browntodd225@gmail.com
2025-12-11 16:23:47,894 INFO [p1.txt] ✅ Email изменен на darciejedwards@gmail.com
2025-12-11 16:23:48,404 INFO [p2.txt] ✅ Сообщение отправлено на browntodd225@gmail.com
2025-12-11 16:23:48,404 INFO [p2.txt]   Conversation ID: 734577249
2025-12-11 16:23:48,404 INFO [p2.txt]   Conversation Token: 50c73fa47c10c
2025-12-11 16:23:48,644 INFO [p1.txt] ✅ Сообщение отправлено на darciejedwards@gmail.com
2025-12-11 16:23:48,644 INFO [p1.txt]   Conversation ID: 734577254
2025-12-11 16:23:48,644 INFO [p1.txt]   Conversation Token: 0533e125cbd9b
2025-12-11 16:23:48,644 INFO [p1.txt] ⏸️  Пауза 16 секунды перед следующей отправкой...
2025-12-11 16:24:04,628 INFO 
[3/3] Обработка sarahmar14@gmail.com...
2025-12-11 16:24:05,051 INFO [p1.txt] ✅ Email изменен на sarahmar14@gmail.com
2025-12-11 16:24:05,744 INFO [p1.txt] ✅ Сообщение отправлено на sarahmar14@gmail.com
2025-12-11 16:24:05,744 INFO [p1.txt]   Conversation ID: 734577418
2025-12-11 16:24:05,744 INFO [p1.txt]   Conversation Token: 9fab6eee03420
2025-12-11 16:24:05,746 DEBUG 💾 Статистика сохранена для p1: 15/2000
2025-12-11 16:24:05,747 DEBUG 💾 Статистика сохранена для p2: 11/2000
2025-12-11 16:24:39,487 INFO ✅ Спарсено 5 email
2025-12-11 16:24:39,761 DEBUG Validating rdmacdougal@gmail.com via proxy: http://modeler_wg8LYZ:uWwpqvxdrAFh@172.236.12.10:11195
2025-12-11 16:24:39,761 INFO rdmacdougal@gmail.com -> INVALID (Gmail validator)
2025-12-11 16:24:39,790 DEBUG Validating mistirandles202@gmail.com via proxy: http://modeler_wg8LYZ:uWwpqvxdrAFh@172.236.12.10:11195
2025-12-11 16:24:39,790 INFO mistirandles202@gmail.com -> INVALID (Gmail validator)
2025-12-11 16:24:39,843 DEBUG Validating shelbyladcock@gmail.com via proxy: http://modeler_wg8LYZ:uWwpqvxdrAFh@172.236.12.10:11195
2025-12-11 16:24:39,844 INFO shelbyladcock@gmail.com -> VALID (Gmail validator)
2025-12-11 16:24:39,936 DEBUG Validating wildbeasts@gmail.com via proxy: http://modeler_wg8LYZ:uWwpqvxdrAFh@172.236.12.10:11195
2025-12-11 16:24:39,936 INFO wildbeasts@gmail.com -> VALID (Gmail validator)
2025-12-11 16:24:39,964 DEBUG Validating sbowers99@gmail.com via proxy: http://modeler_wg8LYZ:uWwpqvxdrAFh@172.236.12.10:11195
2025-12-11 16:24:39,964 INFO sbowers99@gmail.com -> VALID (Gmail validator)
2025-12-11 16:24:40,925 INFO ✅ Загружен кеш для аккаунта: p2.txt
2025-12-11 16:24:40,926 INFO 🚀 Используем кешированные данные аккаунта
2025-12-11 16:24:40,927 INFO 
📧 Обрабатываем 1 email-адрес...
2025-12-11 16:24:40,927 INFO 
[1/1] Обработка wildbeasts@gmail.com...
2025-12-11 16:24:40,976 INFO ✅ Загружен кеш для аккаунта: p1.txt
2025-12-11 16:24:40,977 INFO 🚀 Используем кешированные данные аккаунта
2025-12-11 16:24:40,978 INFO 
📧 Обрабатываем 2 email-адрес...
2025-12-11 16:24:40,978 INFO 
[1/2] Обработка sbowers99@gmail.com...
2025-12-11 16:24:41,667 INFO [p1.txt] ✅ Email изменен на sbowers99@gmail.com
2025-12-11 16:24:41,713 INFO [p2.txt] ✅ Email изменен на wildbeasts@gmail.com
2025-12-11 16:24:42,441 INFO [p1.txt] ✅ Сообщение отправлено на sbowers99@gmail.com
2025-12-11 16:24:42,441 INFO [p1.txt]   Conversation ID: 734577843
2025-12-11 16:24:42,441 INFO [p1.txt]   Conversation Token: fe06349314658
2025-12-11 16:24:42,441 INFO [p1.txt] ⏸️  Пауза 16 секунды перед следующей отправкой...
2025-12-11 16:24:42,784 INFO [p2.txt] ✅ Сообщение отправлено на wildbeasts@gmail.com
2025-12-11 16:24:42,784 INFO [p2.txt]   Conversation ID: 734577846
2025-12-11 16:24:42,784 INFO [p2.txt]   Conversation Token: 29bb2665cb108
2025-12-11 16:24:58,426 INFO 
[2/2] Обработка shelbyladcock@gmail.com...
2025-12-11 16:24:58,675 INFO [p1.txt] ✅ Email изменен на shelbyladcock@gmail.com
2025-12-11 16:24:59,101 INFO [p1.txt] ✅ Сообщение отправлено на shelbyladcock@gmail.com
2025-12-11 16:24:59,101 INFO [p1.txt]   Conversation ID: 734577989
2025-12-11 16:24:59,101 INFO [p1.txt]   Conversation Token: 85ee6f714e7c9
2025-12-11 16:24:59,104 DEBUG 💾 Статистика сохранена для p1: 17/2000
2025-12-11 16:24:59,104 DEBUG 💾 Статистика сохранена для p2: 12/2000
2025-12-11 16:25:49,893 INFO ✅ Спарсено 5 email
2025-12-11 16:25:50,165 DEBUG Validating cherrysher1@gmail.com via proxy: http://modeler_wg8LYZ:uWwpqvxdrAFh@172.236.12.10:11195
2025-12-11 16:25:50,165 INFO cherrysher1@gmail.com -> INVALID (Gmail validator)
2025-12-11 16:25:50,198 DEBUG Validating myonisl@gmail.com via proxy: http://modeler_wg8LYZ:uWwpqvxdrAFh@172.236.12.10:11195
2025-12-11 16:25:50,198 INFO myonisl@gmail.com -> INVALID (Gmail validator)
2025-12-11 16:25:50,209 DEBUG Validating cleydesaieg@gmail.com via proxy: http://modeler_wg8LYZ:uWwpqvxdrAFh@172.236.12.10:11195
2025-12-11 16:25:50,209 INFO cleydesaieg@gmail.com -> INVALID (Gmail validator)
2025-12-11 16:25:50,264 DEBUG Validating murielletbryan@gmail.com via proxy: http://modeler_wg8LYZ:uWwpqvxdrAFh@172.236.12.10:11195
2025-12-11 16:25:50,264 INFO murielletbryan@gmail.com -> VALID (Gmail validator)
2025-12-11 16:25:50,373 DEBUG Validating ferxxostt@gmail.com via proxy: http://modeler_wg8LYZ:uWwpqvxdrAFh@172.236.12.10:11195
2025-12-11 16:25:50,373 INFO ferxxostt@gmail.com -> VALID (Gmail validator)
2025-12-11 16:25:51,312 INFO ✅ Загружен кеш для аккаунта: p2.txt
2025-12-11 16:25:51,313 INFO 🚀 Используем кешированные данные аккаунта
2025-12-11 16:25:51,314 INFO 
📧 Обрабатываем 1 email-адрес...
2025-12-11 16:25:51,314 INFO 
[1/1] Обработка murielletbryan@gmail.com...
2025-12-11 16:25:51,328 INFO ✅ Загружен кеш для аккаунта: p1.txt
2025-12-11 16:25:51,328 INFO 🚀 Используем кешированные данные аккаунта
2025-12-11 16:25:51,329 INFO 
📧 Обрабатываем 1 email-адрес...
2025-12-11 16:25:51,329 INFO 
[1/1] Обработка ferxxostt@gmail.com...
2025-12-11 16:25:52,012 INFO [p1.txt] ✅ Email изменен на ferxxostt@gmail.com
2025-12-11 16:25:52,204 INFO [p2.txt] ✅ Email изменен на murielletbryan@gmail.com
2025-12-11 16:25:52,956 INFO [p1.txt] ✅ Сообщение отправлено на ferxxostt@gmail.com
2025-12-11 16:25:52,956 INFO [p1.txt]   Conversation ID: 734578502
2025-12-11 16:25:52,956 INFO [p1.txt]   Conversation Token: a208227c0879a
2025-12-11 16:25:53,362 INFO [p2.txt] ✅ Сообщение отправлено на murielletbryan@gmail.com
2025-12-11 16:25:53,362 INFO [p2.txt]   Conversation ID: 734578507
2025-12-11 16:25:53,362 INFO [p2.txt]   Conversation Token: 22ef16e639d86
2025-12-11 16:25:53,362 DEBUG 💾 Статистика сохранена для p1: 18/2000
2025-12-11 16:25:53,362 DEBUG 💾 Статистика сохранена для p2: 13/2000
2025-12-11 16:26:44,159 INFO ✅ Спарсено 5 email
2025-12-11 16:26:44,436 DEBUG Validating alyssahardim440@gmail.com via proxy: http://modeler_wg8LYZ:uWwpqvxdrAFh@172.236.12.10:11195
2025-12-11 16:26:44,436 INFO alyssahardim440@gmail.com -> INVALID (Gmail validator)
2025-12-11 16:26:44,459 DEBUG Validating deirdre_noelle@gmail.com via proxy: http://modeler_wg8LYZ:uWwpqvxdrAFh@172.236.12.10:11195
2025-12-11 16:26:44,459 INFO deirdre_noelle@gmail.com -> INVALID (Gmail validator)
2025-12-11 16:26:44,612 DEBUG Validating nutty253@gmail.com via proxy: http://modeler_wg8LYZ:uWwpqvxdrAFh@172.236.12.10:11195
2025-12-11 16:26:44,612 INFO nutty253@gmail.com -> VALID (Gmail validator)
2025-12-11 16:26:44,664 DEBUG Validating karengertenbach@gmail.com via proxy: http://modeler_wg8LYZ:uWwpqvxdrAFh@172.236.12.10:11195
2025-12-11 16:26:44,664 INFO karengertenbach@gmail.com -> VALID (Gmail validator)
2025-12-11 16:26:44,718 DEBUG Validating christine0577@gmail.com via proxy: http://modeler_wg8LYZ:uWwpqvxdrAFh@172.236.12.10:11195
2025-12-11 16:26:44,718 INFO christine0577@gmail.com -> VALID (Gmail validator)
2025-12-11 16:26:45,607 INFO ✅ Загружен кеш для аккаунта: p2.txt
2025-12-11 16:26:45,608 INFO 🚀 Используем кешированные данные аккаунта
2025-12-11 16:26:45,608 INFO 
📧 Обрабатываем 1 email-адрес...
2025-12-11 16:26:45,608 INFO 
[1/1] Обработка christine0577@gmail.com...
2025-12-11 16:26:46,034 INFO ✅ Загружен кеш для аккаунта: p1.txt
2025-12-11 16:26:46,034 INFO 🚀 Используем кешированные данные аккаунта
2025-12-11 16:26:46,034 INFO 
📧 Обрабатываем 2 email-адрес...
2025-12-11 16:26:46,034 INFO 
[1/2] Обработка nutty253@gmail.com...
2025-12-11 16:26:46,429 INFO [p2.txt] ✅ Email изменен на christine0577@gmail.com
2025-12-11 16:26:46,746 INFO [p1.txt] ✅ Email изменен на nutty253@gmail.com
2025-12-11 16:26:47,471 INFO [p2.txt] ✅ Сообщение отправлено на christine0577@gmail.com
2025-12-11 16:26:47,471 INFO [p2.txt]   Conversation ID: 734579061
2025-12-11 16:26:47,471 INFO [p2.txt]   Conversation Token: 58d5037bb46b5
2025-12-11 16:26:47,830 INFO [p1.txt] ✅ Сообщение отправлено на nutty253@gmail.com
2025-12-11 16:26:47,830 INFO [p1.txt]   Conversation ID: 734579065
2025-12-11 16:26:47,830 INFO [p1.txt]   Conversation Token: 0203411d3b2e8
2025-12-11 16:26:47,830 INFO [p1.txt] ⏸️  Пауза 16 секунды перед следующей отправкой...
2025-12-11 16:27:03,800 INFO 
[2/2] Обработка karengertenbach@gmail.com...
2025-12-11 16:27:04,057 INFO [p1.txt] ✅ Email изменен на karengertenbach@gmail.com
2025-12-11 16:27:04,529 INFO [p1.txt] ✅ Сообщение отправлено на karengertenbach@gmail.com
2025-12-11 16:27:04,530 INFO [p1.txt]   Conversation ID: 734579214
2025-12-11 16:27:04,530 INFO [p1.txt]   Conversation Token: 126c9b3597c17
2025-12-11 16:27:04,532 DEBUG 💾 Статистика сохранена для p1: 20/2000
2025-12-11 16:27:04,532 DEBUG 💾 Статистика сохранена для p2: 14/2000
2025-12-11 16:27:34,596 INFO ✅ Спарсено 5 email
2025-12-11 16:27:34,875 DEBUG Validating allthebest_1688@gmail.com via proxy: http://modeler_wg8LYZ:uWwpqvxdrAFh@172.236.12.10:11195
2025-12-11 16:27:34,875 INFO allthebest_1688@gmail.com -> INVALID (Gmail validator)
2025-12-11 16:27:34,885 DEBUG Validating la_tiendita_87@gmail.com via proxy: http://modeler_wg8LYZ:uWwpqvxdrAFh@172.236.12.10:11195
2025-12-11 16:27:34,885 INFO la_tiendita_87@gmail.com -> INVALID (Gmail validator)
2025-12-11 16:27:34,905 DEBUG Validating zvonachooven@gmail.com via proxy: http://modeler_wg8LYZ:uWwpqvxdrAFh@172.236.12.10:11195
2025-12-11 16:27:34,906 INFO zvonachooven@gmail.com -> INVALID (Gmail validator)
2025-12-11 16:27:34,998 DEBUG Validating mmorgan7806@gmail.com via proxy: http://modeler_wg8LYZ:uWwpqvxdrAFh@172.236.12.10:11195
2025-12-11 16:27:34,998 INFO mmorgan7806@gmail.com -> VALID (Gmail validator)
2025-12-11 16:27:35,076 DEBUG Validating alitzadelgado@gmail.com via proxy: http://modeler_wg8LYZ:uWwpqvxdrAFh@172.236.12.10:11195
2025-12-11 16:27:35,076 INFO alitzadelgado@gmail.com -> VALID (Gmail validator)
2025-12-11 16:27:36,058 INFO ✅ Загружен кеш для аккаунта: p1.txt
2025-12-11 16:27:36,059 INFO 🚀 Используем кешированные данные аккаунта
2025-12-11 16:27:36,059 INFO 
📧 Обрабатываем 1 email-адрес...
2025-12-11 16:27:36,059 INFO 
[1/1] Обработка alitzadelgado@gmail.com...
2025-12-11 16:27:36,301 INFO ✅ Загружен кеш для аккаунта: p2.txt
2025-12-11 16:27:36,301 INFO 🚀 Используем кешированные данные аккаунта
2025-12-11 16:27:36,301 INFO 
📧 Обрабатываем 1 email-адрес...
2025-12-11 16:27:36,301 INFO 
[1/1] Обработка mmorgan7806@gmail.com...
2025-12-11 16:27:36,784 INFO [p1.txt] ✅ Email изменен на alitzadelgado@gmail.com
2025-12-11 16:27:37,034 INFO [p2.txt] ✅ Email изменен на mmorgan7806@gmail.com
2025-12-11 16:27:37,925 INFO [p1.txt] ✅ Сообщение отправлено на alitzadelgado@gmail.com
2025-12-11 16:27:37,925 INFO [p1.txt]   Conversation ID: 734579484
2025-12-11 16:27:37,925 INFO [p1.txt]   Conversation Token: 67fe44597fa88
2025-12-11 16:27:39,161 INFO [p2.txt] ✅ Сообщение отправлено на mmorgan7806@gmail.com
2025-12-11 16:27:39,161 INFO [p2.txt]   Conversation ID: 734579504
2025-12-11 16:27:39,161 INFO [p2.txt]   Conversation Token: 4577049b22ed4
2025-12-11 16:27:39,163 DEBUG 💾 Статистика сохранена для p1: 21/2000
2025-12-11 16:27:39,164 DEBUG 💾 Статистика сохранена для p2: 15/2000
2025-12-11 16:29:03,441 INFO ✅ Спарсено 5 email
2025-12-11 16:29:03,717 DEBUG Validating claytonnorth566@gmail.com via proxy: http://modeler_wg8LYZ:uWwpqvxdrAFh@172.236.12.10:11195
2025-12-11 16:29:03,717 INFO claytonnorth566@gmail.com -> INVALID (Gmail validator)
2025-12-11 16:29:03,754 DEBUG Validating mariam@gmail.com via proxy: http://modeler_wg8LYZ:uWwpqvxdrAFh@172.236.12.10:11195
2025-12-11 16:29:03,754 INFO mariam@gmail.com -> INVALID (Gmail validator)
2025-12-11 16:29:03,821 DEBUG Validating menziacaleb1@gmail.com via proxy: http://modeler_wg8LYZ:uWwpqvxdrAFh@172.236.12.10:11195
2025-12-11 16:29:03,821 INFO menziacaleb1@gmail.com -> VALID (Gmail validator)
2025-12-11 16:29:03,883 DEBUG Validating mollyrose28@gmail.com via proxy: http://modeler_wg8LYZ:uWwpqvxdrAFh@172.236.12.10:11195
2025-12-11 16:29:03,883 INFO mollyrose28@gmail.com -> VALID (Gmail validator)
2025-12-11 16:29:03,949 DEBUG Validating chelsg1985@gmail.com via proxy: http://modeler_wg8LYZ:uWwpqvxdrAFh@172.236.12.10:11195
2025-12-11 16:29:03,949 INFO chelsg1985@gmail.com -> VALID (Gmail validator)
2025-12-11 16:29:05,083 INFO ✅ Загружен кеш для аккаунта: p2.txt
2025-12-11 16:29:05,084 INFO 🚀 Используем кешированные данные аккаунта
2025-12-11 16:29:05,085 INFO 
📧 Обрабатываем 1 email-адрес...
2025-12-11 16:29:05,085 INFO 
[1/1] Обработка chelsg1985@gmail.com...
2025-12-11 16:29:05,252 INFO ✅ Загружен кеш для аккаунта: p1.txt
2025-12-11 16:29:05,253 INFO 🚀 Используем кешированные данные аккаунта
2025-12-11 16:29:05,253 INFO 
📧 Обрабатываем 2 email-адрес...
2025-12-11 16:29:05,253 INFO 
[1/2] Обработка menziacaleb1@gmail.com...
2025-12-11 16:29:05,929 INFO [p1.txt] ✅ Email изменен на menziacaleb1@gmail.com
2025-12-11 16:29:05,965 INFO [p2.txt] ✅ Email изменен на chelsg1985@gmail.com
2025-12-11 16:29:06,909 INFO [p1.txt] ✅ Сообщение отправлено на menziacaleb1@gmail.com
2025-12-11 16:29:06,909 INFO [p1.txt]   Conversation ID: 734580473
2025-12-11 16:29:06,909 INFO [p1.txt]   Conversation Token: a6428a142a1d8
2025-12-11 16:29:06,909 INFO [p1.txt] ⏸️  Пауза 16 секунды перед следующей отправкой...
2025-12-11 16:29:07,049 INFO [p2.txt] ✅ Сообщение отправлено на chelsg1985@gmail.com
2025-12-11 16:29:07,049 INFO [p2.txt]   Conversation ID: 734580479
2025-12-11 16:29:07,049 INFO [p2.txt]   Conversation Token: 3d6b6f5a62924
2025-12-11 16:29:22,924 INFO 
[2/2] Обработка mollyrose28@gmail.com...
2025-12-11 16:29:23,159 INFO [p1.txt] ✅ Email изменен на mollyrose28@gmail.com
2025-12-11 16:29:23,625 INFO [p1.txt] ✅ Сообщение отправлено на mollyrose28@gmail.com
2025-12-11 16:29:23,625 INFO [p1.txt]   Conversation ID: 734580666
2025-12-11 16:29:23,625 INFO [p1.txt]   Conversation Token: 65c0f6332b07e
2025-12-11 16:29:23,627 DEBUG 💾 Статистика сохранена для p1: 23/2000
2025-12-11 16:29:23,628 DEBUG 💾 Статистика сохранена для p2: 16/2000
2025-12-11 16:29:57,487 INFO ✅ Спарсено 5 email
2025-12-11 16:29:57,867 DEBUG Validating ingritd@gmail.com via proxy: http://modeler_wg8LYZ:uWwpqvxdrAFh@172.236.12.10:11195
2025-12-11 16:29:57,867 INFO ingritd@gmail.com -> VALID (Gmail validator)
2025-12-11 16:29:57,912 DEBUG Validating mayajane14@gmail.com via proxy: http://modeler_wg8LYZ:uWwpqvxdrAFh@172.236.12.10:11195
2025-12-11 16:29:57,912 INFO mayajane14@gmail.com -> VALID (Gmail validator)
2025-12-11 16:29:57,924 DEBUG Validating jvasquez2758@gmail.com via proxy: http://modeler_wg8LYZ:uWwpqvxdrAFh@172.236.12.10:11195
2025-12-11 16:29:57,924 INFO jvasquez2758@gmail.com -> VALID (Gmail validator)
2025-12-11 16:29:57,978 DEBUG Validating sapphireheat71@gmail.com via proxy: http://modeler_wg8LYZ:uWwpqvxdrAFh@172.236.12.10:11195
2025-12-11 16:29:57,979 INFO sapphireheat71@gmail.com -> VALID (Gmail validator)
2025-12-11 16:29:57,987 DEBUG Validating jlbeal6612@gmail.com via proxy: http://modeler_wg8LYZ:uWwpqvxdrAFh@172.236.12.10:11195
2025-12-11 16:29:57,987 INFO jlbeal6612@gmail.com -> VALID (Gmail validator)
2025-12-11 16:29:58,995 INFO ✅ Загружен кеш для аккаунта: p1.txt
2025-12-11 16:29:58,996 INFO 🚀 Используем кешированные данные аккаунта
2025-12-11 16:29:58,997 INFO 
📧 Обрабатываем 3 email-адрес...
2025-12-11 16:29:58,997 INFO 
[1/3] Обработка jvasquez2758@gmail.com...
2025-12-11 16:29:59,269 INFO ✅ Загружен кеш для аккаунта: p2.txt
2025-12-11 16:29:59,269 INFO 🚀 Используем кешированные данные аккаунта
2025-12-11 16:29:59,269 INFO 
📧 Обрабатываем 2 email-адрес...
2025-12-11 16:29:59,269 INFO 
[1/2] Обработка mayajane14@gmail.com...
2025-12-11 16:29:59,816 INFO [p1.txt] ✅ Email изменен на jvasquez2758@gmail.com
2025-12-11 16:30:00,054 INFO [p2.txt] ✅ Email изменен на mayajane14@gmail.com
2025-12-11 16:30:00,894 INFO [p1.txt] ✅ Сообщение отправлено на jvasquez2758@gmail.com
2025-12-11 16:30:00,894 INFO [p1.txt]   Conversation ID: 734581039
2025-12-11 16:30:00,894 INFO [p1.txt]   Conversation Token: d77cb54611aba
2025-12-11 16:30:00,894 INFO [p1.txt] ⏸️  Пауза 16 секунды перед следующей отправкой...
2025-12-11 16:30:00,894 INFO [p2.txt] ✅ Сообщение отправлено на mayajane14@gmail.com
2025-12-11 16:30:00,894 INFO [p2.txt]   Conversation ID: 734581040
2025-12-11 16:30:00,894 INFO [p2.txt]   Conversation Token: 844f0d4cf0bed
2025-12-11 16:30:00,894 INFO [p2.txt] ⏸️  Пауза 16 секунды перед следующей отправкой...
2025-12-11 16:30:16,893 INFO 
[2/3] Обработка ingritd@gmail.com...
2025-12-11 16:30:16,893 INFO 
[2/2] Обработка jlbeal6612@gmail.com...
2025-12-11 16:30:17,159 INFO [p2.txt] ✅ Email изменен на jlbeal6612@gmail.com
2025-12-11 16:30:17,206 INFO [p1.txt] ✅ Email изменен на ingritd@gmail.com
2025-12-11 16:30:17,671 INFO [p1.txt] ✅ Сообщение отправлено на ingritd@gmail.com
2025-12-11 16:30:17,671 INFO [p1.txt]   Conversation ID: 734581234
2025-12-11 16:30:17,671 INFO [p1.txt]   Conversation Token: 3c3be2fd8cff8
2025-12-11 16:30:17,672 INFO [p1.txt] ⏸️  Пауза 16 секунды перед следующей отправкой...
2025-12-11 16:30:17,768 INFO [p2.txt] ✅ Сообщение отправлено на jlbeal6612@gmail.com
2025-12-11 16:30:17,768 INFO [p2.txt]   Conversation ID: 734581235
2025-12-11 16:30:17,768 INFO [p2.txt]   Conversation Token: 016f5e8c8bae6
2025-12-11 16:30:33,675 INFO 
[3/3] Обработка sapphireheat71@gmail.com...
2025-12-11 16:30:33,940 INFO [p1.txt] ✅ Email изменен на sapphireheat71@gmail.com
2025-12-11 16:30:34,587 INFO [p1.txt] ✅ Сообщение отправлено на sapphireheat71@gmail.com
2025-12-11 16:30:34,587 INFO [p1.txt]   Conversation ID: 734581471
2025-12-11 16:30:34,587 INFO [p1.txt]   Conversation Token: 6bd505de0d243
2025-12-11 16:30:34,591 DEBUG 💾 Статистика сохранена для p1: 26/2000
2025-12-11 16:30:34,591 DEBUG 💾 Статистика сохранена для p2: 18/2000
2025-12-11 16:31:22,941 INFO ✅ Спарсено 5 email
2025-12-11 16:31:23,234 DEBUG Validating macumiorte@gmail.com via proxy: http://modeler_wg8LYZ:uWwpqvxdrAFh@172.236.12.10:11195
2025-12-11 16:31:23,234 INFO macumiorte@gmail.com -> INVALID (Gmail validator)
2025-12-11 16:31:23,248 DEBUG Validating kalen_ezzell@gmail.com via proxy: http://modeler_wg8LYZ:uWwpqvxdrAFh@172.236.12.10:11195
2025-12-11 16:31:23,248 INFO kalen_ezzell@gmail.com -> INVALID (Gmail validator)
2025-12-11 16:31:23,275 DEBUG Validating paolalloyd@gmail.com via proxy: http://modeler_wg8LYZ:uWwpqvxdrAFh@172.236.12.10:11195
2025-12-11 16:31:23,275 INFO paolalloyd@gmail.com -> VALID (Gmail validator)
2025-12-11 16:31:23,301 DEBUG Validating arletteling@gmail.com via proxy: http://modeler_wg8LYZ:uWwpqvxdrAFh@172.236.12.10:11195
2025-12-11 16:31:23,301 INFO arletteling@gmail.com -> VALID (Gmail validator)
2025-12-11 16:31:23,400 DEBUG Validating loganseilhan@gmail.com via proxy: http://modeler_wg8LYZ:uWwpqvxdrAFh@172.236.12.10:11195
2025-12-11 16:31:23,400 INFO loganseilhan@gmail.com -> VALID (Gmail validator)
2025-12-11 16:31:24,467 INFO ✅ Загружен кеш для аккаунта: p2.txt
2025-12-11 16:31:24,468 INFO 🚀 Используем кешированные данные аккаунта
2025-12-11 16:31:24,468 INFO 
📧 Обрабатываем 1 email-адрес...
2025-12-11 16:31:24,468 INFO 
[1/1] Обработка paolalloyd@gmail.com...
2025-12-11 16:31:24,671 INFO ✅ Загружен кеш для аккаунта: p1.txt
2025-12-11 16:31:24,672 INFO 🚀 Используем кешированные данные аккаунта
2025-12-11 16:31:24,672 INFO 
📧 Обрабатываем 2 email-адрес...
2025-12-11 16:31:24,672 INFO 
[1/2] Обработка loganseilhan@gmail.com...
2025-12-11 16:31:25,339 INFO [p2.txt] ✅ Email изменен на paolalloyd@gmail.com
2025-12-11 16:31:25,488 INFO [p1.txt] ✅ Email изменен на loganseilhan@gmail.com
2025-12-11 16:31:26,535 INFO [p2.txt] ✅ Сообщение отправлено на paolalloyd@gmail.com
2025-12-11 16:31:26,535 INFO [p2.txt]   Conversation ID: 734582156
2025-12-11 16:31:26,535 INFO [p2.txt]   Conversation Token: 33de87685bc86
2025-12-11 16:31:26,589 INFO [p1.txt] ✅ Сообщение отправлено на loganseilhan@gmail.com
2025-12-11 16:31:26,589 INFO [p1.txt]   Conversation ID: 734582157
2025-12-11 16:31:26,589 INFO [p1.txt]   Conversation Token: 39d11627b7742
2025-12-11 16:31:26,593 INFO [p1.txt] ⏸️  Пауза 16 секунды перед следующей отправкой...
2025-12-11 16:31:42,597 INFO 
[2/2] Обработка arletteling@gmail.com...
2025-12-11 16:31:42,877 INFO [p1.txt] ✅ Email изменен на arletteling@gmail.com
2025-12-11 16:31:43,338 INFO [p1.txt] ✅ Сообщение отправлено на arletteling@gmail.com
2025-12-11 16:31:43,338 INFO [p1.txt]   Conversation ID: 734582376
2025-12-11 16:31:43,338 INFO [p1.txt]   Conversation Token: c8219ad74c400
2025-12-11 16:31:43,341 DEBUG 💾 Статистика сохранена для p1: 28/2000
2025-12-11 16:31:43,341 DEBUG 💾 Статистика сохранена для p2: 19/2000
2025-12-11 16:32:26,863 INFO ✅ Спарсено 5 email
2025-12-11 16:32:27,139 DEBUG Validating diane_sepulveda@gmail.com via proxy: http://modeler_wg8LYZ:uWwpqvxdrAFh@172.236.12.10:11195
2025-12-11 16:32:27,139 INFO diane_sepulveda@gmail.com -> INVALID (Gmail validator)
2025-12-11 16:32:27,150 DEBUG Validating flexi_fitness@gmail.com via proxy: http://modeler_wg8LYZ:uWwpqvxdrAFh@172.236.12.10:11195
2025-12-11 16:32:27,150 INFO flexi_fitness@gmail.com -> INVALID (Gmail validator)
2025-12-11 16:32:27,248 DEBUG Validating manuks@gmail.com via proxy: http://modeler_wg8LYZ:uWwpqvxdrAFh@172.236.12.10:11195
2025-12-11 16:32:27,248 INFO manuks@gmail.com -> VALID (Gmail validator)
2025-12-11 16:32:27,306 DEBUG Validating wakomatt@gmail.com via proxy: http://modeler_wg8LYZ:uWwpqvxdrAFh@172.236.12.10:11195
2025-12-11 16:32:27,306 INFO wakomatt@gmail.com -> VALID (Gmail validator)
2025-12-11 16:32:27,317 DEBUG Validating purple7isarazo@gmail.com via proxy: http://modeler_wg8LYZ:uWwpqvxdrAFh@172.236.12.10:11195
2025-12-11 16:32:27,317 INFO purple7isarazo@gmail.com -> VALID (Gmail validator)
2025-12-11 16:32:28,385 INFO ✅ Загружен кеш для аккаунта: p2.txt
2025-12-11 16:32:28,385 INFO 🚀 Используем кешированные данные аккаунта
2025-12-11 16:32:28,386 INFO 
📧 Обрабатываем 1 email-адрес...
2025-12-11 16:32:28,386 INFO 
[1/1] Обработка manuks@gmail.com...
2025-12-11 16:32:28,479 INFO ✅ Загружен кеш для аккаунта: p1.txt
2025-12-11 16:32:28,479 INFO 🚀 Используем кешированные данные аккаунта
2025-12-11 16:32:28,480 INFO 
📧 Обрабатываем 2 email-адрес...
2025-12-11 16:32:28,480 INFO 
[1/2] Обработка purple7isarazo@gmail.com...
2025-12-11 16:32:29,316 INFO [p1.txt] ✅ Email изменен на purple7isarazo@gmail.com
2025-12-11 16:32:29,347 INFO [p2.txt] ✅ Email изменен на manuks@gmail.com
2025-12-11 16:32:30,374 INFO [p1.txt] ✅ Сообщение отправлено на purple7isarazo@gmail.com
2025-12-11 16:32:30,374 INFO [p1.txt]   Conversation ID: 734582960
2025-12-11 16:32:30,374 INFO [p1.txt]   Conversation Token: 9b75602c22b4a
2025-12-11 16:32:30,375 INFO [p1.txt] ⏸️  Пауза 16 секунды перед следующей отправкой...
2025-12-11 16:32:31,019 INFO [p2.txt] ✅ Сообщение отправлено на manuks@gmail.com
2025-12-11 16:32:31,019 INFO [p2.txt]   Conversation ID: 734582969
2025-12-11 16:32:31,019 INFO [p2.txt]   Conversation Token: 9de560474c303
2025-12-11 16:32:46,363 INFO 
[2/2] Обработка wakomatt@gmail.com...
2025-12-11 16:32:46,739 INFO [p1.txt] ✅ Email изменен на wakomatt@gmail.com
2025-12-11 16:32:47,153 INFO [p1.txt] ✅ Сообщение отправлено на wakomatt@gmail.com
2025-12-11 16:32:47,153 INFO [p1.txt]   Conversation ID: 734583160
2025-12-11 16:32:47,153 INFO [p1.txt]   Conversation Token: 8d4454239054b
2025-12-11 16:32:47,156 DEBUG 💾 Статистика сохранена для p1: 30/2000
2025-12-11 16:32:47,156 DEBUG 💾 Статистика сохранена для p2: 20/2000
2025-12-11 16:33:31,645 INFO ✅ Спарсено 5 email
2025-12-11 16:33:31,935 DEBUG Validating fatjonzybe@gmail.com via proxy: http://modeler_wg8LYZ:uWwpqvxdrAFh@172.236.12.10:11195
2025-12-11 16:33:31,935 INFO fatjonzybe@gmail.com -> INVALID (Gmail validator)
2025-12-11 16:33:31,948 DEBUG Validating octaviacotton@gmail.com via proxy: http://modeler_wg8LYZ:uWwpqvxdrAFh@172.236.12.10:11195
2025-12-11 16:33:31,948 INFO octaviacotton@gmail.com -> INVALID (Gmail validator)
2025-12-11 16:33:31,985 DEBUG Validating gabbyberns13@gmail.com via proxy: http://modeler_wg8LYZ:uWwpqvxdrAFh@172.236.12.10:11195
2025-12-11 16:33:31,985 INFO gabbyberns13@gmail.com -> VALID (Gmail validator)
2025-12-11 16:33:31,998 DEBUG Validating ejer0404@gmail.com via proxy: http://modeler_wg8LYZ:uWwpqvxdrAFh@172.236.12.10:11195
2025-12-11 16:33:31,998 INFO ejer0404@gmail.com -> VALID (Gmail validator)
2025-12-11 16:33:32,158 DEBUG Validating juliapiquet@gmail.com via proxy: http://modeler_wg8LYZ:uWwpqvxdrAFh@172.236.12.10:11195
2025-12-11 16:33:32,158 INFO juliapiquet@gmail.com -> VALID (Gmail validator)
2025-12-11 16:33:33,036 INFO ✅ Загружен кеш для аккаунта: p1.txt
2025-12-11 16:33:33,036 INFO 🚀 Используем кешированные данные аккаунта
2025-12-11 16:33:33,037 INFO 
📧 Обрабатываем 2 email-адрес...
2025-12-11 16:33:33,037 INFO 
[1/2] Обработка ejer0404@gmail.com...
2025-12-11 16:33:33,240 INFO ✅ Загружен кеш для аккаунта: p2.txt
2025-12-11 16:33:33,241 INFO 🚀 Используем кешированные данные аккаунта
2025-12-11 16:33:33,242 INFO 
📧 Обрабатываем 1 email-адрес...
2025-12-11 16:33:33,242 INFO 
[1/1] Обработка juliapiquet@gmail.com...
2025-12-11 16:33:34,136 INFO [p2.txt] ✅ Email изменен на juliapiquet@gmail.com
2025-12-11 16:33:34,371 INFO [p1.txt] ✅ Email изменен на ejer0404@gmail.com
2025-12-11 16:33:35,229 INFO [p2.txt] ✅ Сообщение отправлено на juliapiquet@gmail.com
2025-12-11 16:33:35,229 INFO [p2.txt]   Conversation ID: 734583672
2025-12-11 16:33:35,229 INFO [p2.txt]   Conversation Token: 17ff0b901d886
2025-12-11 16:33:35,415 INFO [p1.txt] ✅ Сообщение отправлено на ejer0404@gmail.com
2025-12-11 16:33:35,415 INFO [p1.txt]   Conversation ID: 734583676
2025-12-11 16:33:35,415 INFO [p1.txt]   Conversation Token: 3738024fb2761
2025-12-11 16:33:35,415 INFO [p1.txt] ⏸️  Пауза 16 секунды перед следующей отправкой...
2025-12-11 16:33:51,430 INFO 
[2/2] Обработка gabbyberns13@gmail.com...
2025-12-11 16:33:51,871 INFO [p1.txt] ✅ Email изменен на gabbyberns13@gmail.com
2025-12-11 16:33:52,291 INFO [p1.txt] ✅ Сообщение отправлено на gabbyberns13@gmail.com
2025-12-11 16:33:52,291 INFO [p1.txt]   Conversation ID: 734583850
2025-12-11 16:33:52,291 INFO [p1.txt]   Conversation Token: b7041c4e35ff4
2025-12-11 16:33:52,293 DEBUG 💾 Статистика сохранена для p1: 32/2000
2025-12-11 16:33:52,293 DEBUG 💾 Статистика сохранена для p2: 21/2000
2025-12-11 16:35:03,378 INFO ✅ Спарсено 5 email
2025-12-11 16:35:03,649 DEBUG Validating buhanfrini@gmail.com via proxy: http://modeler_wg8LYZ:uWwpqvxdrAFh@172.236.12.10:11195
2025-12-11 16:35:03,649 INFO buhanfrini@gmail.com -> INVALID (Gmail validator)
2025-12-11 16:35:03,675 DEBUG Validating elaurluxe@gmail.com via proxy: http://modeler_wg8LYZ:uWwpqvxdrAFh@172.236.12.10:11195
2025-12-11 16:35:03,675 INFO elaurluxe@gmail.com -> INVALID (Gmail validator)
2025-12-11 16:35:03,685 DEBUG Validating patricewilso773@gmail.com via proxy: http://modeler_wg8LYZ:uWwpqvxdrAFh@172.236.12.10:11195
2025-12-11 16:35:03,685 INFO patricewilso773@gmail.com -> INVALID (Gmail validator)
2025-12-11 16:35:03,756 DEBUG Validating cartersmama2010@gmail.com via proxy: http://modeler_wg8LYZ:uWwpqvxdrAFh@172.236.12.10:11195
2025-12-11 16:35:03,756 INFO cartersmama2010@gmail.com -> VALID (Gmail validator)
2025-12-11 16:35:03,821 DEBUG Validating jenniferhoy4@gmail.com via proxy: http://modeler_wg8LYZ:uWwpqvxdrAFh@172.236.12.10:11195
2025-12-11 16:35:03,821 INFO jenniferhoy4@gmail.com -> VALID (Gmail validator)
2025-12-11 16:35:04,674 INFO ✅ Загружен кеш для аккаунта: p2.txt
2025-12-11 16:35:04,675 INFO 🚀 Используем кешированные данные аккаунта
2025-12-11 16:35:04,675 INFO 
📧 Обрабатываем 1 email-адрес...
2025-12-11 16:35:04,675 INFO 
[1/1] Обработка jenniferhoy4@gmail.com...
2025-12-11 16:35:05,000 INFO ✅ Загружен кеш для аккаунта: p1.txt
2025-12-11 16:35:05,001 INFO 🚀 Используем кешированные данные аккаунта
2025-12-11 16:35:05,001 INFO 
📧 Обрабатываем 1 email-адрес...
2025-12-11 16:35:05,001 INFO 
[1/1] Обработка cartersmama2010@gmail.com...
2025-12-11 16:35:05,432 INFO [p2.txt] ✅ Email изменен на jenniferhoy4@gmail.com
2025-12-11 16:35:05,778 INFO [p1.txt] ✅ Email изменен на cartersmama2010@gmail.com
2025-12-11 16:35:06,545 INFO [p2.txt] ✅ Сообщение отправлено на jenniferhoy4@gmail.com
2025-12-11 16:35:06,545 INFO [p2.txt]   Conversation ID: 734584538
2025-12-11 16:35:06,545 INFO [p2.txt]   Conversation Token: b91b269c72f29
2025-12-11 16:35:06,921 INFO [p1.txt] ✅ Сообщение отправлено на cartersmama2010@gmail.com
2025-12-11 16:35:06,921 INFO [p1.txt]   Conversation ID: 734584544
2025-12-11 16:35:06,922 INFO [p1.txt]   Conversation Token: 809bbd00e5d52
2025-12-11 16:35:06,924 DEBUG 💾 Статистика сохранена для p1: 33/2000
2025-12-11 16:35:06,925 DEBUG 💾 Статистика сохранена для p2: 22/2000
2025-12-11 16:35:41,679 INFO ✅ Спарсено 5 email
2025-12-11 16:35:41,981 DEBUG Validating 319jessicalynn@gmail.com via proxy: http://modeler_wg8LYZ:uWwpqvxdrAFh@172.236.12.10:11195
2025-12-11 16:35:41,981 INFO 319jessicalynn@gmail.com -> INVALID (Gmail validator)
2025-12-11 16:35:42,053 DEBUG Validating nidialopez676@gmail.com via proxy: http://modeler_wg8LYZ:uWwpqvxdrAFh@172.236.12.10:11195
2025-12-11 16:35:42,053 INFO nidialopez676@gmail.com -> VALID (Gmail validator)
2025-12-11 16:35:42,127 DEBUG Validating stillpax@gmail.com via proxy: http://modeler_wg8LYZ:uWwpqvxdrAFh@172.236.12.10:11195
2025-12-11 16:35:42,127 INFO stillpax@gmail.com -> VALID (Gmail validator)
2025-12-11 16:35:42,150 DEBUG Validating tiffanygray196@gmail.com via proxy: http://modeler_wg8LYZ:uWwpqvxdrAFh@172.236.12.10:11195
2025-12-11 16:35:42,150 INFO tiffanygray196@gmail.com -> VALID (Gmail validator)
2025-12-11 16:35:42,168 DEBUG Validating swagcollection@gmail.com via proxy: http://modeler_wg8LYZ:uWwpqvxdrAFh@172.236.12.10:11195
2025-12-11 16:35:42,168 INFO swagcollection@gmail.com -> VALID (Gmail validator)
2025-12-11 16:35:43,169 INFO ✅ Загружен кеш для аккаунта: p2.txt
2025-12-11 16:35:43,170 INFO 🚀 Используем кешированные данные аккаунта
2025-12-11 16:35:43,170 INFO 
📧 Обрабатываем 2 email-адрес...
2025-12-11 16:35:43,170 INFO 
[1/2] Обработка tiffanygray196@gmail.com...
2025-12-11 16:35:43,436 INFO ✅ Загружен кеш для аккаунта: p1.txt
2025-12-11 16:35:43,437 INFO 🚀 Используем кешированные данные аккаунта
2025-12-11 16:35:43,438 INFO 
📧 Обрабатываем 2 email-адрес...
2025-12-11 16:35:43,438 INFO 
[1/2] Обработка swagcollection@gmail.com...
2025-12-11 16:35:44,076 INFO [p2.txt] ✅ Email изменен на tiffanygray196@gmail.com
2025-12-11 16:35:44,239 INFO [p1.txt] ✅ Email изменен на swagcollection@gmail.com
2025-12-11 16:35:45,385 INFO [p2.txt] ✅ Сообщение отправлено на tiffanygray196@gmail.com
2025-12-11 16:35:45,385 INFO [p2.txt]   Conversation ID: 734584959
2025-12-11 16:35:45,385 INFO [p2.txt]   Conversation Token: a8d11fc90ba7b
2025-12-11 16:35:45,386 INFO [p2.txt] ⏸️  Пауза 16 секунды перед следующей отправкой...
2025-12-11 16:35:45,395 INFO [p1.txt] ✅ Сообщение отправлено на swagcollection@gmail.com
2025-12-11 16:35:45,395 INFO [p1.txt]   Conversation ID: 734584960
2025-12-11 16:35:45,395 INFO [p1.txt]   Conversation Token: ca871e092851c
2025-12-11 16:35:45,395 INFO [p1.txt] ⏸️  Пауза 16 секунды перед следующей отправкой...
2025-12-11 16:36:01,386 INFO 
[2/2] Обработка stillpax@gmail.com...
2025-12-11 16:36:01,387 INFO 
[2/2] Обработка nidialopez676@gmail.com...
2025-12-11 16:36:01,655 INFO [p1.txt] ✅ Email изменен на nidialopez676@gmail.com
2025-12-11 16:36:01,724 INFO [p2.txt] ✅ Email изменен на stillpax@gmail.com
2025-12-11 16:36:02,248 INFO [p1.txt] ✅ Сообщение отправлено на nidialopez676@gmail.com
2025-12-11 16:36:02,248 INFO [p1.txt]   Conversation ID: 734585146
2025-12-11 16:36:02,248 INFO [p1.txt]   Conversation Token: 0303f9709b484
2025-12-11 16:36:02,299 INFO [p2.txt] ✅ Сообщение отправлено на stillpax@gmail.com
2025-12-11 16:36:02,299 INFO [p2.txt]   Conversation ID: 734585148
2025-12-11 16:36:02,299 INFO [p2.txt]   Conversation Token: 294bafca7f626
2025-12-11 16:36:02,299 DEBUG 💾 Статистика сохранена для p1: 35/2000
2025-12-11 16:36:02,299 DEBUG 💾 Статистика сохранена для p2: 24/2000
2025-12-11 16:36:37,003 INFO ✅ Спарсено 5 email
2025-12-11 16:36:37,289 DEBUG Validating chicanascloset@gmail.com via proxy: http://modeler_wg8LYZ:uWwpqvxdrAFh@172.236.12.10:11195
2025-12-11 16:36:37,289 INFO chicanascloset@gmail.com -> INVALID (Gmail validator)
2025-12-11 16:36:37,300 DEBUG Validating lomontowens68@gmail.com via proxy: http://modeler_wg8LYZ:uWwpqvxdrAFh@172.236.12.10:11195
2025-12-11 16:36:37,300 INFO lomontowens68@gmail.com -> INVALID (Gmail validator)
2025-12-11 16:36:37,301 DEBUG Validating nellers85@gmail.com via proxy: http://modeler_wg8LYZ:uWwpqvxdrAFh@172.236.12.10:11195
2025-12-11 16:36:37,301 INFO nellers85@gmail.com -> INVALID (Gmail validator)
2025-12-11 16:36:37,459 DEBUG Validating obscuredbycloud@gmail.com via proxy: http://modeler_wg8LYZ:uWwpqvxdrAFh@172.236.12.10:11195
2025-12-11 16:36:37,459 INFO obscuredbycloud@gmail.com -> VALID (Gmail validator)
2025-12-11 16:36:37,473 DEBUG Validating keara307@gmail.com via proxy: http://modeler_wg8LYZ:uWwpqvxdrAFh@172.236.12.10:11195
2025-12-11 16:36:37,473 INFO keara307@gmail.com -> VALID (Gmail validator)
2025-12-11 16:36:38,425 INFO ✅ Загружен кеш для аккаунта: p1.txt
2025-12-11 16:36:38,426 INFO 🚀 Используем кешированные данные аккаунта
2025-12-11 16:36:38,426 INFO 
📧 Обрабатываем 1 email-адрес...
2025-12-11 16:36:38,426 INFO 
[1/1] Обработка obscuredbycloud@gmail.com...
2025-12-11 16:36:39,007 INFO ✅ Загружен кеш для аккаунта: p2.txt
2025-12-11 16:36:39,007 INFO 🚀 Используем кешированные данные аккаунта
2025-12-11 16:36:39,022 INFO 
📧 Обрабатываем 1 email-адрес...
2025-12-11 16:36:39,022 INFO 
[1/1] Обработка keara307@gmail.com...
2025-12-11 16:36:39,847 INFO [p1.txt] ✅ Email изменен на obscuredbycloud@gmail.com
2025-12-11 16:36:39,897 INFO [p2.txt] ✅ Email изменен на keara307@gmail.com
2025-12-11 16:36:40,878 INFO [p1.txt] ✅ Сообщение отправлено на obscuredbycloud@gmail.com
2025-12-11 16:36:40,878 INFO [p1.txt]   Conversation ID: 734585514
2025-12-11 16:36:40,878 INFO [p1.txt]   Conversation Token: 8aeaeba469e91
2025-12-11 16:36:41,001 INFO [p2.txt] ✅ Сообщение отправлено на keara307@gmail.com
2025-12-11 16:36:41,001 INFO [p2.txt]   Conversation ID: 734585516
2025-12-11 16:36:41,001 INFO [p2.txt]   Conversation Token: 67fb426b3d06c
2025-12-11 16:36:41,003 DEBUG 💾 Статистика сохранена для p1: 36/2000
2025-12-11 16:36:41,004 DEBUG 💾 Статистика сохранена для p2: 25/2000
