2025-12-09 08:42:26,845 INFO Logging initialized: logs\backend_run_2025-12-09_16-42-26.log
2025-12-09 08:42:26,845 INFO GoDaddy Spammer starting...
2025-12-09 08:42:26,850 INFO 📁 Найдено аккаунтов: 1
2025-12-09 08:42:26,863 INFO 🚀 Начинаем работу с аккаунтом: godady poshmark (прогресс: 0/200)
2025-12-09 08:42:54,538 INFO ✅ Спарсено 5 email
2025-12-09 08:42:54,544 INFO Gmail validator loaded: version 1.0.0
2025-12-09 08:42:54,837 DEBUG Validating renstoneberg@gmail.com via proxy: http://modeler_wg8LYZ:uWwpqvxdrAFh@172.236.12.10:11195
2025-12-09 08:42:54,837 INFO renstoneberg@gmail.com -> INVALID (Gmail validator)
2025-12-09 08:42:54,846 DEBUG Validating tcomfortmoran@gmail.com via proxy: http://modeler_wg8LYZ:uWwpqvxdrAFh@172.236.12.10:11195
2025-12-09 08:42:54,846 INFO tcomfortmoran@gmail.com -> INVALID (Gmail validator)
2025-12-09 08:42:54,864 DEBUG Validating paoviera@gmail.com via proxy: http://modeler_wg8LYZ:uWwpqvxdrAFh@172.236.12.10:11195
2025-12-09 08:42:54,864 INFO paoviera@gmail.com -> INVALID (Gmail validator)
2025-12-09 08:42:54,995 DEBUG Validating blairb85@gmail.com via proxy: http://modeler_wg8LYZ:uWwpqvxdrAFh@172.236.12.10:11195
2025-12-09 08:42:54,995 INFO blairb85@gmail.com -> VALID (Gmail validator)
2025-12-09 08:42:55,078 DEBUG Validating bonhomejudith50@gmail.com via proxy: http://modeler_wg8LYZ:uWwpqvxdrAFh@172.236.12.10:11195
2025-12-09 08:42:55,078 INFO bonhomejudith50@gmail.com -> VALID (Gmail validator)
2025-12-09 08:42:56,236 INFO ✅ Загружен кеш для аккаунта: godady poshmark.txt
2025-12-09 08:42:56,236 INFO 🚀 Используем кешированные данные аккаунта
2025-12-09 08:42:56,238 INFO 
📧 Обрабатываем 2 email-адрес...
2025-12-09 08:42:56,238 INFO 
[1/2] Обработка blairb85@gmail.com...
2025-12-09 08:42:57,136 INFO ✅ Email изменен на blairb85@gmail.com
2025-12-09 08:42:58,175 INFO ✅ Сообщение отправлено на blairb85@gmail.com
2025-12-09 08:42:58,175 INFO    Conversation ID: 731938329
2025-12-09 08:42:58,175 INFO    Conversation Token: ce2e9e9377f44
2025-12-09 08:42:58,176 INFO ⏸️  Пауза 16 секунды перед следующей отправкой...
2025-12-09 08:43:14,173 INFO 
[2/2] Обработка bonhomejudith50@gmail.com...
2025-12-09 08:43:14,445 INFO ✅ Email изменен на bonhomejudith50@gmail.com
2025-12-09 08:43:14,953 INFO ✅ Сообщение отправлено на bonhomejudith50@gmail.com
2025-12-09 08:43:14,953 INFO    Conversation ID: 731938606
2025-12-09 08:43:14,954 INFO    Conversation Token: 85100da44ab6b
2025-12-09 08:43:14,955 INFO 
==================================================
2025-12-09 08:43:14,955 INFO ✅ Успех: 2/2
2025-12-09 08:43:14,955 INFO ❌ Ошибок: 0/2
2025-12-09 08:43:14,955 INFO ==================================================
2025-12-09 08:43:14,960 DEBUG 💾 Статистика сохранена для godady poshmark: 2/2000
2025-12-09 08:43:38,005 INFO ✅ Спарсено 5 email
2025-12-09 08:43:38,281 DEBUG Validating mtbdesigncove@gmail.com via proxy: http://modeler_wg8LYZ:uWwpqvxdrAFh@172.236.12.10:11195
2025-12-09 08:43:38,281 INFO mtbdesigncove@gmail.com -> INVALID (Gmail validator)
2025-12-09 08:43:38,290 DEBUG Validating heetherfeather@gmail.com via proxy: http://modeler_wg8LYZ:uWwpqvxdrAFh@172.236.12.10:11195
2025-12-09 08:43:38,290 INFO heetherfeather@gmail.com -> INVALID (Gmail validator)
2025-12-09 08:43:38,302 DEBUG Validating carolinas_finds@gmail.com via proxy: http://modeler_wg8LYZ:uWwpqvxdrAFh@172.236.12.10:11195
2025-12-09 08:43:38,302 INFO carolinas_finds@gmail.com -> INVALID (Gmail validator)
2025-12-09 08:43:38,303 DEBUG Validating juanitapatel213@gmail.com via proxy: http://modeler_wg8LYZ:uWwpqvxdrAFh@172.236.12.10:11195
2025-12-09 08:43:38,303 INFO juanitapatel213@gmail.com -> INVALID (Gmail validator)
2025-12-09 08:43:38,419 DEBUG Validating ivory001@gmail.com via proxy: http://modeler_wg8LYZ:uWwpqvxdrAFh@172.236.12.10:11195
2025-12-09 08:43:38,419 INFO ivory001@gmail.com -> INVALID (Gmail validator)
2025-12-09 08:44:12,200 INFO ✅ Спарсено 5 email
2025-12-09 08:44:12,485 DEBUG Validating nay_barrera@gmail.com via proxy: http://modeler_wg8LYZ:uWwpqvxdrAFh@172.236.12.10:11195
2025-12-09 08:44:12,485 INFO nay_barrera@gmail.com -> INVALID (Gmail validator)
2025-12-09 08:44:12,523 DEBUG Validating cassidydavis647@gmail.com via proxy: http://modeler_wg8LYZ:uWwpqvxdrAFh@172.236.12.10:11195
2025-12-09 08:44:12,523 INFO cassidydavis647@gmail.com -> INVALID (Gmail validator)
2025-12-09 08:44:12,667 DEBUG Validating mduqueee@gmail.com via proxy: http://modeler_wg8LYZ:uWwpqvxdrAFh@172.236.12.10:11195
2025-12-09 08:44:12,667 INFO mduqueee@gmail.com -> VALID (Gmail validator)
2025-12-09 08:44:12,679 DEBUG Validating rhianwashington@gmail.com via proxy: http://modeler_wg8LYZ:uWwpqvxdrAFh@172.236.12.10:11195
2025-12-09 08:44:12,679 INFO rhianwashington@gmail.com -> VALID (Gmail validator)
2025-12-09 08:44:12,704 DEBUG Validating crazylady1996@gmail.com via proxy: http://modeler_wg8LYZ:uWwpqvxdrAFh@172.236.12.10:11195
2025-12-09 08:44:12,704 INFO crazylady1996@gmail.com -> VALID (Gmail validator)
2025-12-09 08:44:13,250 INFO ✅ Загружен кеш для аккаунта: godady poshmark.txt
2025-12-09 08:44:13,251 INFO 🚀 Используем кешированные данные аккаунта
2025-12-09 08:44:13,252 INFO 
📧 Обрабатываем 3 email-адрес...
2025-12-09 08:44:13,253 INFO 
[1/3] Обработка rhianwashington@gmail.com...
2025-12-09 08:44:13,551 INFO ✅ Email изменен на rhianwashington@gmail.com
2025-12-09 08:44:14,143 INFO ✅ Сообщение отправлено на rhianwashington@gmail.com
2025-12-09 08:44:14,144 INFO    Conversation ID: 731939701
2025-12-09 08:44:14,144 INFO    Conversation Token: d18807fdd30ef
2025-12-09 08:44:14,145 INFO ⏸️  Пауза 16 секунды перед следующей отправкой...
2025-12-09 08:44:30,150 INFO 
[2/3] Обработка crazylady1996@gmail.com...
2025-12-09 08:44:30,402 INFO ✅ Email изменен на crazylady1996@gmail.com
2025-12-09 08:44:30,814 INFO ✅ Сообщение отправлено на crazylady1996@gmail.com
2025-12-09 08:44:30,814 INFO    Conversation ID: 731940065
2025-12-09 08:44:30,814 INFO    Conversation Token: bdad4e57cc216
2025-12-09 08:44:30,816 INFO ⏸️  Пауза 16 секунды перед следующей отправкой...
2025-12-09 08:44:46,831 INFO 
[3/3] Обработка mduqueee@gmail.com...
2025-12-09 08:44:47,123 INFO ✅ Email изменен на mduqueee@gmail.com
2025-12-09 08:44:47,861 INFO ✅ Сообщение отправлено на mduqueee@gmail.com
2025-12-09 08:44:47,861 INFO    Conversation ID: 731940404
2025-12-09 08:44:47,862 INFO    Conversation Token: 98a8ff473fb08
2025-12-09 08:44:47,863 INFO 
==================================================
2025-12-09 08:44:47,863 INFO ✅ Успех: 3/3
2025-12-09 08:44:47,863 INFO ❌ Ошибок: 0/3
2025-12-09 08:44:47,863 INFO ==================================================
2025-12-09 08:44:47,867 DEBUG 💾 Статистика сохранена для godady poshmark: 5/2000
2025-12-09 08:45:13,265 INFO ✅ Спарсено 5 email
2025-12-09 08:45:13,566 DEBUG Validating b_geiger@gmail.com via proxy: http://modeler_wg8LYZ:uWwpqvxdrAFh@172.236.12.10:11195
2025-12-09 08:45:13,566 INFO b_geiger@gmail.com -> INVALID (Gmail validator)
2025-12-09 08:45:13,576 DEBUG Validating sourd357@gmail.com via proxy: http://modeler_wg8LYZ:uWwpqvxdrAFh@172.236.12.10:11195
2025-12-09 08:45:13,576 INFO sourd357@gmail.com -> INVALID (Gmail validator)
2025-12-09 08:45:13,628 DEBUG Validating averyncaldwell@gmail.com via proxy: http://modeler_wg8LYZ:uWwpqvxdrAFh@172.236.12.10:11195
2025-12-09 08:45:13,629 INFO averyncaldwell@gmail.com -> VALID (Gmail validator)
2025-12-09 08:45:13,640 DEBUG Validating mexsugar@gmail.com via proxy: http://modeler_wg8LYZ:uWwpqvxdrAFh@172.236.12.10:11195
2025-12-09 08:45:13,640 INFO mexsugar@gmail.com -> VALID (Gmail validator)
2025-12-09 08:45:13,743 DEBUG Validating potsitiveloops@gmail.com via proxy: http://modeler_wg8LYZ:uWwpqvxdrAFh@172.236.12.10:11195
2025-12-09 08:45:13,743 INFO potsitiveloops@gmail.com -> VALID (Gmail validator)
2025-12-09 08:45:14,354 INFO ✅ Загружен кеш для аккаунта: godady poshmark.txt
2025-12-09 08:45:14,355 INFO 🚀 Используем кешированные данные аккаунта
2025-12-09 08:45:14,356 INFO 
📧 Обрабатываем 3 email-адрес...
2025-12-09 08:45:14,356 INFO 
[1/3] Обработка potsitiveloops@gmail.com...
2025-12-09 08:45:14,659 INFO ✅ Email изменен на potsitiveloops@gmail.com
2025-12-09 08:45:15,141 INFO ✅ Сообщение отправлено на potsitiveloops@gmail.com
2025-12-09 08:45:15,141 INFO    Conversation ID: 731940947
2025-12-09 08:45:15,142 INFO    Conversation Token: 0186dc15856bc
2025-12-09 08:45:15,143 INFO ⏸️  Пауза 16 секунды перед следующей отправкой...
2025-12-09 08:45:31,136 INFO 
[2/3] Обработка mexsugar@gmail.com...
2025-12-09 08:45:31,463 INFO ✅ Email изменен на mexsugar@gmail.com
2025-12-09 08:45:32,131 INFO ✅ Сообщение отправлено на mexsugar@gmail.com
2025-12-09 08:45:32,131 INFO    Conversation ID: 731941343
2025-12-09 08:45:32,131 INFO    Conversation Token: 68869c42c49f0
2025-12-09 08:45:32,132 INFO ⏸️  Пауза 16 секунды перед следующей отправкой...
2025-12-09 08:45:48,136 INFO 
[3/3] Обработка averyncaldwell@gmail.com...
2025-12-09 08:45:48,446 INFO ✅ Email изменен на averyncaldwell@gmail.com
2025-12-09 08:45:49,023 INFO ✅ Сообщение отправлено на averyncaldwell@gmail.com
2025-12-09 08:45:49,024 INFO    Conversation ID: 731941731
2025-12-09 08:45:49,024 INFO    Conversation Token: bd4d93e83cb7a
2025-12-09 08:45:49,025 INFO 
==================================================
2025-12-09 08:45:49,025 INFO ✅ Успех: 3/3
2025-12-09 08:45:49,025 INFO ❌ Ошибок: 0/3
2025-12-09 08:45:49,025 INFO ==================================================
2025-12-09 08:45:49,028 DEBUG 💾 Статистика сохранена для godady poshmark: 8/2000
2025-12-09 08:46:22,920 INFO ✅ Спарсено 5 email
2025-12-09 08:46:23,200 DEBUG Validating tracy_dupree@gmail.com via proxy: http://modeler_wg8LYZ:uWwpqvxdrAFh@172.236.12.10:11195
2025-12-09 08:46:23,200 INFO tracy_dupree@gmail.com -> INVALID (Gmail validator)
2025-12-09 08:46:23,215 DEBUG Validating beatam22@gmail.com via proxy: http://modeler_wg8LYZ:uWwpqvxdrAFh@172.236.12.10:11195
2025-12-09 08:46:23,215 INFO beatam22@gmail.com -> INVALID (Gmail validator)
2025-12-09 08:46:23,252 DEBUG Validating alexisratliff24@gmail.com via proxy: http://modeler_wg8LYZ:uWwpqvxdrAFh@172.236.12.10:11195
2025-12-09 08:46:23,252 INFO alexisratliff24@gmail.com -> INVALID (Gmail validator)
2025-12-09 08:46:23,267 DEBUG Validating tedmond009@gmail.com via proxy: http://modeler_wg8LYZ:uWwpqvxdrAFh@172.236.12.10:11195
2025-12-09 08:46:23,267 INFO tedmond009@gmail.com -> VALID (Gmail validator)
2025-12-09 08:46:23,329 DEBUG Validating algrub94@gmail.com via proxy: http://modeler_wg8LYZ:uWwpqvxdrAFh@172.236.12.10:11195
2025-12-09 08:46:23,329 INFO algrub94@gmail.com -> VALID (Gmail validator)
2025-12-09 08:46:23,851 INFO ✅ Загружен кеш для аккаунта: godady poshmark.txt
2025-12-09 08:46:23,852 INFO 🚀 Используем кешированные данные аккаунта
2025-12-09 08:46:23,853 INFO 
📧 Обрабатываем 2 email-адрес...
2025-12-09 08:46:23,854 INFO 
[1/2] Обработка tedmond009@gmail.com...
2025-12-09 08:46:24,089 INFO ✅ Email изменен на tedmond009@gmail.com
2025-12-09 08:46:24,507 INFO ✅ Сообщение отправлено на tedmond009@gmail.com
2025-12-09 08:46:24,508 INFO    Conversation ID: 731942514
2025-12-09 08:46:24,508 INFO    Conversation Token: 7b06d0793a13c
2025-12-09 08:46:24,509 INFO ⏸️  Пауза 16 секунды перед следующей отправкой...
2025-12-09 08:46:40,536 INFO 
[2/2] Обработка algrub94@gmail.com...
2025-12-09 08:46:40,789 INFO ✅ Email изменен на algrub94@gmail.com
2025-12-09 08:46:41,376 INFO ✅ Сообщение отправлено на algrub94@gmail.com
2025-12-09 08:46:41,376 INFO    Conversation ID: 731942833
2025-12-09 08:46:41,376 INFO    Conversation Token: da8c65917b137
2025-12-09 08:46:41,377 INFO 
==================================================
2025-12-09 08:46:41,377 INFO ✅ Успех: 2/2
2025-12-09 08:46:41,377 INFO ❌ Ошибок: 0/2
2025-12-09 08:46:41,377 INFO ==================================================
2025-12-09 08:46:41,381 DEBUG 💾 Статистика сохранена для godady poshmark: 10/2000
2025-12-09 08:47:15,061 INFO ✅ Спарсено 5 email
2025-12-09 08:47:15,331 DEBUG Validating mypoohbear0426@gmail.com via proxy: http://modeler_wg8LYZ:uWwpqvxdrAFh@172.236.12.10:11195
2025-12-09 08:47:15,331 INFO mypoohbear0426@gmail.com -> INVALID (Gmail validator)
2025-12-09 08:47:15,363 DEBUG Validating albydlr3@gmail.com via proxy: http://modeler_wg8LYZ:uWwpqvxdrAFh@172.236.12.10:11195
2025-12-09 08:47:15,364 INFO albydlr3@gmail.com -> INVALID (Gmail validator)
2025-12-09 08:47:15,368 DEBUG Validating idzintar@gmail.com via proxy: http://modeler_wg8LYZ:uWwpqvxdrAFh@172.236.12.10:11195
2025-12-09 08:47:15,369 INFO idzintar@gmail.com -> INVALID (Gmail validator)
2025-12-09 08:47:15,394 DEBUG Validating christyvega199@gmail.com via proxy: http://modeler_wg8LYZ:uWwpqvxdrAFh@172.236.12.10:11195
2025-12-09 08:47:15,394 INFO christyvega199@gmail.com -> INVALID (Gmail validator)
2025-12-09 08:47:15,537 DEBUG Validating circuitkids@gmail.com via proxy: http://modeler_wg8LYZ:uWwpqvxdrAFh@172.236.12.10:11195
2025-12-09 08:47:15,537 INFO circuitkids@gmail.com -> VALID (Gmail validator)
2025-12-09 08:47:16,075 INFO ✅ Загружен кеш для аккаунта: godady poshmark.txt
2025-12-09 08:47:16,076 INFO 🚀 Используем кешированные данные аккаунта
2025-12-09 08:47:16,077 INFO 
📧 Обрабатываем 1 email-адрес...
2025-12-09 08:47:16,077 INFO 
[1/1] Обработка circuitkids@gmail.com...
2025-12-09 08:47:16,333 INFO ✅ Email изменен на circuitkids@gmail.com
2025-12-09 08:47:16,943 INFO ✅ Сообщение отправлено на circuitkids@gmail.com
2025-12-09 08:47:16,944 INFO    Conversation ID: 731943582
2025-12-09 08:47:16,944 INFO    Conversation Token: ffff2205f1558
2025-12-09 08:47:16,945 INFO 
==================================================
2025-12-09 08:47:16,945 INFO ✅ Успех: 1/1
2025-12-09 08:47:16,945 INFO ❌ Ошибок: 0/1
2025-12-09 08:47:16,945 INFO ==================================================
2025-12-09 08:47:16,948 DEBUG 💾 Статистика сохранена для godady poshmark: 11/2000
2025-12-09 08:48:01,589 INFO ✅ Спарсено 5 email
2025-12-09 08:48:01,885 DEBUG Validating wildhoneyboutiq@gmail.com via proxy: http://modeler_wg8LYZ:uWwpqvxdrAFh@172.236.12.10:11195
2025-12-09 08:48:01,885 INFO wildhoneyboutiq@gmail.com -> INVALID (Gmail validator)
2025-12-09 08:48:02,007 DEBUG Validating boosepinkham124@gmail.com via proxy: http://modeler_wg8LYZ:uWwpqvxdrAFh@172.236.12.10:11195
2025-12-09 08:48:02,007 INFO boosepinkham124@gmail.com -> VALID (Gmail validator)
2025-12-09 08:48:02,065 DEBUG Validating ansleybeard@gmail.com via proxy: http://modeler_wg8LYZ:uWwpqvxdrAFh@172.236.12.10:11195
2025-12-09 08:48:02,065 INFO ansleybeard@gmail.com -> VALID (Gmail validator)
2025-12-09 08:48:02,105 DEBUG Validating mchixon@gmail.com via proxy: http://modeler_wg8LYZ:uWwpqvxdrAFh@172.236.12.10:11195
2025-12-09 08:48:02,105 INFO mchixon@gmail.com -> VALID (Gmail validator)
2025-12-09 08:48:02,158 DEBUG Validating genwilliams@gmail.com via proxy: http://modeler_wg8LYZ:uWwpqvxdrAFh@172.236.12.10:11195
2025-12-09 08:48:02,158 INFO genwilliams@gmail.com -> VALID (Gmail validator)
2025-12-09 08:48:02,703 INFO ✅ Загружен кеш для аккаунта: godady poshmark.txt
2025-12-09 08:48:02,704 INFO 🚀 Используем кешированные данные аккаунта
2025-12-09 08:48:02,705 INFO 
📧 Обрабатываем 4 email-адрес...
2025-12-09 08:48:02,705 INFO 
[1/4] Обработка genwilliams@gmail.com...
2025-12-09 08:48:03,039 INFO ✅ Email изменен на genwilliams@gmail.com
2025-12-09 08:48:03,452 INFO ✅ Сообщение отправлено на genwilliams@gmail.com
2025-12-09 08:48:03,453 INFO    Conversation ID: 731944508
2025-12-09 08:48:03,453 INFO    Conversation Token: 9fd48457e23ec
2025-12-09 08:48:03,454 INFO ⏸️  Пауза 16 секунды перед следующей отправкой...
2025-12-09 08:48:19,432 INFO 
[2/4] Обработка ansleybeard@gmail.com...
2025-12-09 08:48:19,716 INFO ✅ Email изменен на ansleybeard@gmail.com
2025-12-09 08:48:20,342 INFO ✅ Сообщение отправлено на ansleybeard@gmail.com
2025-12-09 08:48:20,342 INFO    Conversation ID: 731944830
2025-12-09 08:48:20,342 INFO    Conversation Token: c59e79a171964
2025-12-09 08:48:20,343 INFO ⏸️  Пауза 16 секунды перед следующей отправкой...
2025-12-09 08:48:36,355 INFO 
[3/4] Обработка boosepinkham124@gmail.com...
2025-12-09 08:48:36,733 INFO ✅ Email изменен на boosepinkham124@gmail.com
2025-12-09 08:48:37,260 INFO ✅ Сообщение отправлено на boosepinkham124@gmail.com
2025-12-09 08:48:37,260 INFO    Conversation ID: 731945175
2025-12-09 08:48:37,260 INFO    Conversation Token: 441b9ae35a54c
2025-12-09 08:48:37,262 INFO ⏸️  Пауза 16 секунды перед следующей отправкой...
2025-12-09 08:48:53,279 INFO 
[4/4] Обработка mchixon@gmail.com...
2025-12-09 08:48:53,606 INFO ✅ Email изменен на mchixon@gmail.com
2025-12-09 08:48:54,012 INFO ✅ Сообщение отправлено на mchixon@gmail.com
2025-12-09 08:48:54,012 INFO    Conversation ID: 731945484
2025-12-09 08:48:54,012 INFO    Conversation Token: 4a39bb52609af
2025-12-09 08:48:54,013 INFO 
==================================================
2025-12-09 08:48:54,013 INFO ✅ Успех: 4/4
2025-12-09 08:48:54,013 INFO ❌ Ошибок: 0/4
2025-12-09 08:48:54,013 INFO ==================================================
2025-12-09 08:48:54,017 DEBUG 💾 Статистика сохранена для godady poshmark: 15/2000
2025-12-09 08:49:46,321 INFO ✅ Спарсено 5 email
2025-12-09 08:49:46,646 DEBUG Validating jamie_stanish@gmail.com via proxy: http://modeler_wg8LYZ:uWwpqvxdrAFh@172.236.12.10:11195
2025-12-09 08:49:46,646 INFO jamie_stanish@gmail.com -> INVALID (Gmail validator)
2025-12-09 08:49:46,669 DEBUG Validating part71@gmail.com via proxy: http://modeler_wg8LYZ:uWwpqvxdrAFh@172.236.12.10:11195
2025-12-09 08:49:46,670 INFO part71@gmail.com -> INVALID (Gmail validator)
2025-12-09 08:49:46,807 DEBUG Validating splash1179@gmail.com via proxy: http://modeler_wg8LYZ:uWwpqvxdrAFh@172.236.12.10:11195
2025-12-09 08:49:46,807 INFO splash1179@gmail.com -> VALID (Gmail validator)
2025-12-09 08:49:47,231 DEBUG Validating arkdale@gmail.com via proxy: http://modeler_wg8LYZ:uWwpqvxdrAFh@172.236.12.10:11195
2025-12-09 08:49:47,231 INFO arkdale@gmail.com -> VALID (Gmail validator)
2025-12-09 08:49:47,519 DEBUG Validating mrbigredd361@gmail.com via proxy: http://modeler_wg8LYZ:uWwpqvxdrAFh@172.236.12.10:11195
2025-12-09 08:49:47,520 INFO mrbigredd361@gmail.com -> VALID (Gmail validator)
2025-12-09 08:49:48,044 INFO ✅ Загружен кеш для аккаунта: godady poshmark.txt
2025-12-09 08:49:48,048 INFO 🚀 Используем кешированные данные аккаунта
2025-12-09 08:49:48,053 INFO 
📧 Обрабатываем 3 email-адрес...
2025-12-09 08:49:48,057 INFO 
[1/3] Обработка arkdale@gmail.com...
2025-12-09 08:49:48,309 INFO ✅ Email изменен на arkdale@gmail.com
2025-12-09 08:49:48,744 INFO ✅ Сообщение отправлено на arkdale@gmail.com
2025-12-09 08:49:48,744 INFO    Conversation ID: 731946613
2025-12-09 08:49:48,744 INFO    Conversation Token: c542a3fe2107a
2025-12-09 08:49:48,745 INFO ⏸️  Пауза 16 секунды перед следующей отправкой...
2025-12-09 08:50:04,740 INFO 
[2/3] Обработка splash1179@gmail.com...
2025-12-09 08:50:05,018 INFO ✅ Email изменен на splash1179@gmail.com
2025-12-09 08:50:05,548 INFO ✅ Сообщение отправлено на splash1179@gmail.com
2025-12-09 08:50:05,548 INFO    Conversation ID: 731946928
2025-12-09 08:50:05,548 INFO    Conversation Token: ced7f8313d891
2025-12-09 08:50:05,550 INFO ⏸️  Пауза 16 секунды перед следующей отправкой...
2025-12-09 08:50:21,567 INFO 
[3/3] Обработка mrbigredd361@gmail.com...
2025-12-09 08:50:21,846 INFO ✅ Email изменен на mrbigredd361@gmail.com
2025-12-09 08:50:22,502 INFO ✅ Сообщение отправлено на mrbigredd361@gmail.com
2025-12-09 08:50:22,502 INFO    Conversation ID: 731947264
2025-12-09 08:50:22,502 INFO    Conversation Token: 6bfa99c6ae33e
2025-12-09 08:50:22,503 INFO 
==================================================
2025-12-09 08:50:22,503 INFO ✅ Успех: 3/3
2025-12-09 08:50:22,503 INFO ❌ Ошибок: 0/3
2025-12-09 08:50:22,503 INFO ==================================================
2025-12-09 08:50:22,508 DEBUG 💾 Статистика сохранена для godady poshmark: 18/2000
2025-12-09 08:50:58,133 INFO ✅ Спарсено 5 email
2025-12-09 08:50:58,448 DEBUG Validating foundandwanted@gmail.com via proxy: http://modeler_wg8LYZ:uWwpqvxdrAFh@172.236.12.10:11195
2025-12-09 08:50:58,448 INFO foundandwanted@gmail.com -> INVALID (Gmail validator)
2025-12-09 08:50:58,606 DEBUG Validating suky8489@gmail.com via proxy: http://modeler_wg8LYZ:uWwpqvxdrAFh@172.236.12.10:11195
2025-12-09 08:50:58,606 INFO suky8489@gmail.com -> VALID (Gmail validator)
2025-12-09 08:50:58,645 DEBUG Validating jpyoung1978@gmail.com via proxy: http://modeler_wg8LYZ:uWwpqvxdrAFh@172.236.12.10:11195
2025-12-09 08:50:58,647 INFO jpyoung1978@gmail.com -> VALID (Gmail validator)
2025-12-09 08:50:58,672 DEBUG Validating kylar9966@gmail.com via proxy: http://modeler_wg8LYZ:uWwpqvxdrAFh@172.236.12.10:11195
2025-12-09 08:50:58,673 INFO kylar9966@gmail.com -> VALID (Gmail validator)
2025-12-09 08:50:59,023 DEBUG Validating yajaira_andrade@gmail.com via proxy: http://modeler_wg8LYZ:uWwpqvxdrAFh@172.236.12.10:11195
2025-12-09 08:50:59,023 INFO yajaira_andrade@gmail.com -> INVALID (Gmail validator)
2025-12-09 08:50:59,801 INFO ✅ Загружен кеш для аккаунта: godady poshmark.txt
2025-12-09 08:50:59,802 INFO 🚀 Используем кешированные данные аккаунта
2025-12-09 08:50:59,803 INFO 
📧 Обрабатываем 3 email-адрес...
2025-12-09 08:50:59,803 INFO 
[1/3] Обработка suky8489@gmail.com...
2025-12-09 08:51:00,069 INFO ✅ Email изменен на suky8489@gmail.com
2025-12-09 08:51:00,510 INFO ✅ Сообщение отправлено на suky8489@gmail.com
2025-12-09 08:51:00,510 INFO    Conversation ID: 731948022
2025-12-09 08:51:00,510 INFO    Conversation Token: ae1cd86cdee69
2025-12-09 08:51:00,511 INFO ⏸️  Пауза 16 секунды перед следующей отправкой...
2025-12-09 08:51:16,510 INFO 
[2/3] Обработка jpyoung1978@gmail.com...
2025-12-09 08:51:16,857 INFO ✅ Email изменен на jpyoung1978@gmail.com
2025-12-09 08:51:17,491 INFO ✅ Сообщение отправлено на jpyoung1978@gmail.com
2025-12-09 08:51:17,491 INFO    Conversation ID: 731948360
2025-12-09 08:51:17,491 INFO    Conversation Token: 2b5152b2eaa07
2025-12-09 08:51:17,492 INFO ⏸️  Пауза 16 секунды перед следующей отправкой...
2025-12-09 08:51:33,510 INFO 
[3/3] Обработка kylar9966@gmail.com...
2025-12-09 08:51:33,895 INFO ✅ Email изменен на kylar9966@gmail.com
2025-12-09 08:51:34,692 INFO ✅ Сообщение отправлено на kylar9966@gmail.com
2025-12-09 08:51:34,692 INFO    Conversation ID: 731948676
2025-12-09 08:51:34,692 INFO    Conversation Token: e81dfcd9926bb
2025-12-09 08:51:34,693 INFO 
==================================================
2025-12-09 08:51:34,693 INFO ✅ Успех: 3/3
2025-12-09 08:51:34,693 INFO ❌ Ошибок: 0/3
2025-12-09 08:51:34,693 INFO ==================================================
2025-12-09 08:51:34,696 DEBUG 💾 Статистика сохранена для godady poshmark: 21/2000
2025-12-09 08:52:08,980 INFO ✅ Спарсено 5 email
2025-12-09 08:52:09,384 DEBUG Validating edl0909@gmail.com via proxy: http://modeler_wg8LYZ:uWwpqvxdrAFh@172.236.12.10:11195
2025-12-09 08:52:09,385 INFO edl0909@gmail.com -> VALID (Gmail validator)
2025-12-09 08:52:09,443 DEBUG Validating hollystairs1@gmail.com via proxy: http://modeler_wg8LYZ:uWwpqvxdrAFh@172.236.12.10:11195
2025-12-09 08:52:09,443 INFO hollystairs1@gmail.com -> VALID (Gmail validator)
2025-12-09 08:52:09,454 DEBUG Validating elmoredylan1005@gmail.com via proxy: http://modeler_wg8LYZ:uWwpqvxdrAFh@172.236.12.10:11195
2025-12-09 08:52:09,454 INFO elmoredylan1005@gmail.com -> VALID (Gmail validator)
2025-12-09 08:52:09,499 DEBUG Validating karaherron0707@gmail.com via proxy: http://modeler_wg8LYZ:uWwpqvxdrAFh@172.236.12.10:11195
2025-12-09 08:52:09,499 INFO karaherron0707@gmail.com -> VALID (Gmail validator)
2025-12-09 08:52:10,115 DEBUG Validating devaunwatson4@gmail.com via proxy: http://modeler_wg8LYZ:uWwpqvxdrAFh@172.236.12.10:11195
2025-12-09 08:52:10,115 INFO devaunwatson4@gmail.com -> VALID (Gmail validator)
2025-12-09 08:52:10,748 INFO ✅ Загружен кеш для аккаунта: godady poshmark.txt
2025-12-09 08:52:10,749 INFO 🚀 Используем кешированные данные аккаунта
2025-12-09 08:52:10,749 INFO 
📧 Обрабатываем 5 email-адрес...
2025-12-09 08:52:10,750 INFO 
[1/5] Обработка karaherron0707@gmail.com...
2025-12-09 08:52:11,060 INFO ✅ Email изменен на karaherron0707@gmail.com
2025-12-09 08:52:11,722 INFO ✅ Сообщение отправлено на karaherron0707@gmail.com
2025-12-09 08:52:11,722 INFO    Conversation ID: 731949426
2025-12-09 08:52:11,723 INFO    Conversation Token: 09a33dbc7c1de
2025-12-09 08:52:11,724 INFO ⏸️  Пауза 16 секунды перед следующей отправкой...
2025-12-09 08:52:27,732 INFO 
[2/5] Обработка devaunwatson4@gmail.com...
2025-12-09 08:52:28,055 INFO ✅ Email изменен на devaunwatson4@gmail.com
2025-12-09 08:52:28,602 INFO ✅ Сообщение отправлено на devaunwatson4@gmail.com
2025-12-09 08:52:28,602 INFO    Conversation ID: 731949730
2025-12-09 08:52:28,602 INFO    Conversation Token: 4d6af6138fc44
2025-12-09 08:52:28,603 INFO ⏸️  Пауза 16 секунды перед следующей отправкой...
2025-12-09 08:52:44,615 INFO 
[3/5] Обработка elmoredylan1005@gmail.com...
2025-12-09 08:52:44,990 INFO ✅ Email изменен на elmoredylan1005@gmail.com
2025-12-09 08:52:45,412 INFO ✅ Сообщение отправлено на elmoredylan1005@gmail.com
2025-12-09 08:52:45,412 INFO    Conversation ID: 731950025
2025-12-09 08:52:45,412 INFO    Conversation Token: 9fcaa9e8fb67e
2025-12-09 08:52:45,414 INFO ⏸️  Пауза 16 секунды перед следующей отправкой...
2025-12-09 08:53:01,429 INFO 
[4/5] Обработка hollystairs1@gmail.com...
2025-12-09 08:53:01,700 INFO ✅ Email изменен на hollystairs1@gmail.com
2025-12-09 08:53:02,101 INFO ✅ Сообщение отправлено на hollystairs1@gmail.com
2025-12-09 08:53:02,101 INFO    Conversation ID: 731950341
2025-12-09 08:53:02,101 INFO    Conversation Token: a71e594676b0e
2025-12-09 08:53:02,103 INFO ⏸️  Пауза 16 секунды перед следующей отправкой...
2025-12-09 08:53:18,123 INFO 
[5/5] Обработка edl0909@gmail.com...
2025-12-09 08:53:18,421 INFO ✅ Email изменен на edl0909@gmail.com
2025-12-09 08:53:19,057 INFO ✅ Сообщение отправлено на edl0909@gmail.com
2025-12-09 08:53:19,058 INFO    Conversation ID: 731950676
2025-12-09 08:53:19,058 INFO    Conversation Token: ecfda41e69035
2025-12-09 08:53:19,059 INFO 
==================================================
2025-12-09 08:53:19,059 INFO ✅ Успех: 5/5
2025-12-09 08:53:19,059 INFO ❌ Ошибок: 0/5
2025-12-09 08:53:19,059 INFO ==================================================
2025-12-09 08:53:19,063 DEBUG 💾 Статистика сохранена для godady poshmark: 26/2000
2025-12-09 08:54:01,041 INFO ✅ Спарсено 5 email
2025-12-09 08:54:01,332 DEBUG Validating lulu818z@gmail.com via proxy: http://modeler_wg8LYZ:uWwpqvxdrAFh@172.236.12.10:11195
2025-12-09 08:54:01,332 INFO lulu818z@gmail.com -> INVALID (Gmail validator)
2025-12-09 08:54:01,345 DEBUG Validating azariacruz638@gmail.com via proxy: http://modeler_wg8LYZ:uWwpqvxdrAFh@172.236.12.10:11195
2025-12-09 08:54:01,345 INFO azariacruz638@gmail.com -> INVALID (Gmail validator)
2025-12-09 08:54:01,374 DEBUG Validating stephaniecal777@gmail.com via proxy: http://modeler_wg8LYZ:uWwpqvxdrAFh@172.236.12.10:11195
2025-12-09 08:54:01,375 INFO stephaniecal777@gmail.com -> INVALID (Gmail validator)
2025-12-09 08:54:01,383 DEBUG Validating adrianagarci512@gmail.com via proxy: http://modeler_wg8LYZ:uWwpqvxdrAFh@172.236.12.10:11195
2025-12-09 08:54:01,383 INFO adrianagarci512@gmail.com -> INVALID (Gmail validator)
2025-12-09 08:54:02,495 DEBUG Validating moster_2006@gmail.com via proxy: http://modeler_wg8LYZ:uWwpqvxdrAFh@172.236.12.10:11195
2025-12-09 08:54:02,495 INFO moster_2006@gmail.com -> INVALID (Gmail validator)
2025-12-09 08:54:42,297 INFO ✅ Спарсено 5 email
2025-12-09 08:54:42,601 DEBUG Validating azzabriansmith@gmail.com via proxy: http://modeler_wg8LYZ:uWwpqvxdrAFh@172.236.12.10:11195
2025-12-09 08:54:42,601 INFO azzabriansmith@gmail.com -> INVALID (Gmail validator)
2025-12-09 08:54:42,681 DEBUG Validating tiffanysmith443@gmail.com via proxy: http://modeler_wg8LYZ:uWwpqvxdrAFh@172.236.12.10:11195
2025-12-09 08:54:42,681 INFO tiffanysmith443@gmail.com -> VALID (Gmail validator)
2025-12-09 08:54:42,691 DEBUG Validating deankline2002@gmail.com via proxy: http://modeler_wg8LYZ:uWwpqvxdrAFh@172.236.12.10:11195
2025-12-09 08:54:42,691 INFO deankline2002@gmail.com -> VALID (Gmail validator)
2025-12-09 08:54:42,789 DEBUG Validating amysellsposh@gmail.com via proxy: http://modeler_wg8LYZ:uWwpqvxdrAFh@172.236.12.10:11195
2025-12-09 08:54:42,789 INFO amysellsposh@gmail.com -> VALID (Gmail validator)
2025-12-09 08:54:43,479 DEBUG Validating steph2063@gmail.com via proxy: http://modeler_wg8LYZ:uWwpqvxdrAFh@172.236.12.10:11195
2025-12-09 08:54:43,479 INFO steph2063@gmail.com -> VALID (Gmail validator)
2025-12-09 08:54:44,446 INFO ✅ Загружен кеш для аккаунта: godady poshmark.txt
2025-12-09 08:54:44,446 INFO 🚀 Используем кешированные данные аккаунта
2025-12-09 08:54:44,447 INFO 
📧 Обрабатываем 4 email-адрес...
2025-12-09 08:54:44,448 INFO 
[1/4] Обработка amysellsposh@gmail.com...
2025-12-09 08:54:44,742 INFO ✅ Email изменен на amysellsposh@gmail.com
2025-12-09 08:54:45,246 INFO ✅ Сообщение отправлено на amysellsposh@gmail.com
2025-12-09 08:54:45,246 INFO    Conversation ID: 731952434
2025-12-09 08:54:45,246 INFO    Conversation Token: 27ad5d11a3d5d
2025-12-09 08:54:45,248 INFO ⏸️  Пауза 16 секунды перед следующей отправкой...
2025-12-09 08:55:01,257 INFO 
[2/4] Обработка tiffanysmith443@gmail.com...
2025-12-09 08:55:01,535 INFO ✅ Email изменен на tiffanysmith443@gmail.com
2025-12-09 08:55:01,942 INFO ✅ Сообщение отправлено на tiffanysmith443@gmail.com
2025-12-09 08:55:01,943 INFO    Conversation ID: 731952738
2025-12-09 08:55:01,943 INFO    Conversation Token: f62d556125801
2025-12-09 08:55:01,943 INFO ⏸️  Пауза 16 секунды перед следующей отправкой...
2025-12-09 08:55:17,938 INFO 
[3/4] Обработка deankline2002@gmail.com...
2025-12-09 08:55:18,202 INFO ✅ Email изменен на deankline2002@gmail.com
2025-12-09 08:55:18,792 INFO ✅ Сообщение отправлено на deankline2002@gmail.com
2025-12-09 08:55:18,792 INFO    Conversation ID: 731953059
2025-12-09 08:55:18,793 INFO    Conversation Token: 9f8fd84692efc
2025-12-09 08:55:18,794 INFO ⏸️  Пауза 16 секунды перед следующей отправкой...
2025-12-09 08:55:34,818 INFO 
[4/4] Обработка steph2063@gmail.com...
2025-12-09 08:55:35,056 INFO ✅ Email изменен на steph2063@gmail.com
2025-12-09 08:55:35,752 INFO ✅ Сообщение отправлено на steph2063@gmail.com
2025-12-09 08:55:35,752 INFO    Conversation ID: 731953343
2025-12-09 08:55:35,752 INFO    Conversation Token: 3e5ba2d234a06
2025-12-09 08:55:35,754 INFO 
==================================================
2025-12-09 08:55:35,754 INFO ✅ Успех: 4/4
2025-12-09 08:55:35,754 INFO ❌ Ошибок: 0/4
2025-12-09 08:55:35,754 INFO ==================================================
2025-12-09 08:55:35,758 DEBUG 💾 Статистика сохранена для godady poshmark: 30/2000
2025-12-09 08:55:37,550 INFO Cleaning up connections...
2025-12-09 08:55:37,550 INFO All SMTP connections closed
2025-12-09 08:55:37,550 INFO GoDaddy Spammer finished
