2025-12-16 02:11:56,517 INFO Logging initialized: logs\backend_run_2025-12-16_02-11-56.log
2025-12-16 02:11:56,517 INFO GoDaddy Spammer starting...
2025-12-16 02:11:56,523 INFO 📁 Найдено аккаунтов: 2
2025-12-16 02:11:56,524 INFO 🎯 Цель: 2000 писем на аккаунт
2025-12-16 02:11:56,525 INFO 📁 Аккаунты: rosamondallaband0319438_at_gmail_com.txt, terziannoeliarqobsw_at_gmail_com.txt
2025-12-16 02:11:56,546 INFO ⌨️ Запущен мониторинг клавиатуры
2025-12-16 02:12:01,792 INFO ⏸️ Процесс поставлен на паузу
2025-12-16 02:12:28,703 INFO ✅ Спарсено 5 email
2025-12-16 02:12:28,710 INFO Gmail validator loaded: version 1.0.0
2025-12-16 02:12:29,274 DEBUG Validating briannacook390@gmail.com via proxy: http://modeler_wg8LYZ:uWwpqvxdrAFh@172.236.12.10:11195
2025-12-16 02:12:29,274 INFO briannacook390@gmail.com -> INVALID (Gmail validator)
2025-12-16 02:12:29,384 DEBUG Validating casey2965@gmail.com via proxy: http://modeler_wg8LYZ:uWwpqvxdrAFh@172.236.12.10:11195
2025-12-16 02:12:29,384 INFO casey2965@gmail.com -> VALID (Gmail validator)
2025-12-16 02:12:29,394 DEBUG Validating bree1903@gmail.com via proxy: http://modeler_wg8LYZ:uWwpqvxdrAFh@172.236.12.10:11195
2025-12-16 02:12:29,394 INFO bree1903@gmail.com -> VALID (Gmail validator)
2025-12-16 02:12:29,482 DEBUG Validating sobeydapedro@gmail.com via proxy: http://modeler_wg8LYZ:uWwpqvxdrAFh@172.236.12.10:11195
2025-12-16 02:12:29,482 INFO sobeydapedro@gmail.com -> VALID (Gmail validator)
2025-12-16 02:12:29,539 DEBUG Validating dearnate@gmail.com via proxy: http://modeler_wg8LYZ:uWwpqvxdrAFh@172.236.12.10:11195
2025-12-16 02:12:29,540 INFO dearnate@gmail.com -> VALID (Gmail validator)
2025-12-16 02:12:34,262 INFO 📨 Запущена проверка inbox
2025-12-16 02:12:34,263 INFO 📧 Тестовое письмо через аккаунт: terziannoeliarqobsw_at_gmail_com.txt
2025-12-16 02:12:34,585 INFO ✅ Сгенерирована ссылка: poshmark-usverl1uj.s8ver1849fs.com/253437633
2025-12-16 02:13:27,647 INFO ✅ Загружен кеш для аккаунта: terziannoeliarqobsw_at_gmail_com.txt
2025-12-16 02:13:27,649 INFO 🚀 Используем кешированные данные аккаунта
2025-12-16 02:13:27,650 INFO 
📧 Обрабатываем 1 email-адрес...
2025-12-16 02:13:27,650 INFO 
[1/1] Обработка azlzhcdayn48786@gmail.com...
2025-12-16 02:13:28,692 INFO [terziannoeliarqobsw_at_gmail_com.txt] ✅ Email изменен на azlzhcdayn48786@gmail.com
2025-12-16 02:13:28,692 INFO [terziannoeliarqobsw_at_gmail_com.txt] 🔗 Используем персональную ссылку: poshmark-usverl1uj.s8ver1849fs.com/253437633
2025-12-16 02:13:30,303 INFO [terziannoeliarqobsw_at_gmail_com.txt] ✅ Сообщение отправлено на azlzhcdayn48786@gmail.com
2025-12-16 02:13:30,304 INFO [terziannoeliarqobsw_at_gmail_com.txt]   Conversation ID: 738292690
2025-12-16 02:13:30,304 INFO [terziannoeliarqobsw_at_gmail_com.txt]   Conversation Token: d2a19378cb70b
2025-12-16 02:13:30,306 INFO ✅ Inbox check: письмо отправлено на azlzhcdayn48786@gmail.com с ссылкой poshmark-usverl1uj.s8ver1849fs.com/253437633
